"../../../Engine/Content/EditorResources/S_Actor.ubulk" 0
"../../../Engine/Content/EditorResources/S_Actor.uasset" 1
"../../../Engine/Content/EditorResources/S_Actor.uexp" 2
"../../../Engine/Content/EditorResources/S_BoxReflectionCapture.uasset" 3
"../../../Engine/Content/EditorResources/S_BoxReflectionCapture.uexp" 4
"../../../Engine/Content/EngineResources/DefaultTexture.ubulk" 5
"../../../Engine/Content/EngineResources/DefaultTexture.uasset" 6
"../../../Engine/Content/EngineResources/DefaultTexture.uexp" 7
"../../../Engine/Content/EngineResources/DefaultTextureCube.uasset" 8
"../../../Engine/Content/EngineResources/DefaultTextureCube.uexp" 9
"../../../Engine/Content/EngineResources/DefaultVolumeTexture2D.uasset" 10
"../../../Engine/Content/EngineResources/DefaultVolumeTexture2D.uexp" 11
"../../../Engine/Content/EngineResources/DefaultVolumeTexture.uasset" 12
"../../../Engine/Content/EngineResources/DefaultVolumeTexture.uexp" 13
"../../../Engine/Content/EditorResources/S_Trigger.ubulk" 14
"../../../Engine/Content/EditorResources/S_Trigger.uasset" 15
"../../../Engine/Content/EditorResources/S_Trigger.uexp" 16
"../../../Engine/Content/EditorResources/S_TriggerBox.uasset" 17
"../../../Engine/Content/EditorResources/S_TriggerBox.uexp" 18
"../../../Engine/Content/EditorResources/S_TriggerCapsule.uasset" 19
"../../../Engine/Content/EditorResources/S_TriggerCapsule.uexp" 20
"../../../Engine/Content/EditorResources/S_TriggerSphere.uasset" 21
"../../../Engine/Content/EditorResources/S_TriggerSphere.uexp" 22
"../../../Engine/Content/EngineMeshes/Sphere.ubulk" 23
"../../../Engine/Content/EngineMeshes/Sphere.uasset" 24
"../../../Engine/Content/EngineMeshes/Sphere.uexp" 25
"../../../Engine/Content/EngineResources/GradientTexture0.uasset" 26
"../../../Engine/Content/EngineResources/GradientTexture0.uexp" 27
"../../../Engine/Content/EngineResources/Black.uasset" 28
"../../../Engine/Content/EngineResources/Black.uexp" 29
"../../../Engine/Content/VREditor/LaserPointer/VR_LaserPower_01.ubulk" 30
"../../../Engine/Content/VREditor/LaserPointer/VR_LaserPower_01.uasset" 31
"../../../Engine/Content/VREditor/LaserPointer/VR_LaserPower_01.uexp" 32
"../../../Engine/Content/VREditor/TransformGizmo/TransformGizmoMaterial.uasset" 33
"../../../Engine/Content/VREditor/TransformGizmo/TransformGizmoMaterial.uexp" 34
"../../../Engine/Content/VREditor/TransformGizmo/TranslucentTransformGizmoMaterial.uasset" 35
"../../../Engine/Content/VREditor/TransformGizmo/TranslucentTransformGizmoMaterial.uexp" 36
"../../../Engine/Content/VREditor/TransformGizmo/PlaneTranslationHandle.ubulk" 37
"../../../Engine/Content/VREditor/TransformGizmo/PlaneTranslationHandle.uasset" 38
"../../../Engine/Content/VREditor/TransformGizmo/PlaneTranslationHandle.uexp" 39
"../../../Engine/Content/VREditor/TransformGizmo/BoundingBoxCorner.ubulk" 40
"../../../Engine/Content/VREditor/TransformGizmo/BoundingBoxCorner.uasset" 41
"../../../Engine/Content/VREditor/TransformGizmo/BoundingBoxCorner.uexp" 42
"../../../Engine/Content/VREditor/TransformGizmo/BoundingBoxEdge.ubulk" 43
"../../../Engine/Content/VREditor/TransformGizmo/BoundingBoxEdge.uasset" 44
"../../../Engine/Content/VREditor/TransformGizmo/BoundingBoxEdge.uexp" 45
"../../../Engine/Content/VREditor/TransformGizmo/Main.uasset" 46
"../../../Engine/Content/VREditor/TransformGizmo/Main.uexp" 47
"../../../Engine/Content/VREditor/TransformGizmo/Xray.uasset" 48
"../../../Engine/Content/VREditor/TransformGizmo/Xray.uexp" 49
"../../../Engine/Content/VREditor/TransformGizmo/SM_Sequencer_Node.ubulk" 50
"../../../Engine/Content/VREditor/TransformGizmo/SM_Sequencer_Node.uasset" 51
"../../../Engine/Content/VREditor/TransformGizmo/SM_Sequencer_Node.uexp" 52
"../../../Engine/Content/EditorMaterials/Camera/CineMat.uasset" 53
"../../../Engine/Content/EditorMaterials/Camera/CineMat.uexp" 54
"../../../Engine/Content/EditorMaterials/Camera/MI_CineMat_Rig.uasset" 55
"../../../Engine/Content/EditorMaterials/Camera/MI_CineMat_Rig.uexp" 56
"../../../Engine/Content/EditorMeshes/Camera/SM_CraneRig_Base.ubulk" 57
"../../../Engine/Content/EditorMeshes/Camera/SM_CraneRig_Base.uasset" 58
"../../../Engine/Content/EditorMeshes/Camera/SM_CraneRig_Base.uexp" 59
"../../../Engine/Content/EditorMeshes/Camera/SM_CraneRig_Arm.ubulk" 60
"../../../Engine/Content/EditorMeshes/Camera/SM_CraneRig_Arm.uasset" 61
"../../../Engine/Content/EditorMeshes/Camera/SM_CraneRig_Arm.uexp" 62
"../../../Engine/Content/EditorMeshes/Camera/SM_CraneRig_Mount.ubulk" 63
"../../../Engine/Content/EditorMeshes/Camera/SM_CraneRig_Mount.uasset" 64
"../../../Engine/Content/EditorMeshes/Camera/SM_CraneRig_Mount.uexp" 65
"../../../Engine/Content/EditorMeshes/Camera/SM_CraneRig_Body.ubulk" 66
"../../../Engine/Content/EditorMeshes/Camera/SM_CraneRig_Body.uasset" 67
"../../../Engine/Content/EditorMeshes/Camera/SM_CraneRig_Body.uexp" 68
"../../../Engine/Content/EditorMeshes/Camera/SM_RailRig_Track.ubulk" 69
"../../../Engine/Content/EditorMeshes/Camera/SM_RailRig_Track.uasset" 70
"../../../Engine/Content/EditorMeshes/Camera/SM_RailRig_Track.uexp" 71
"../../../Engine/Content/EditorMeshes/Camera/SM_RailRig_Mount.ubulk" 72
"../../../Engine/Content/EditorMeshes/Camera/SM_RailRig_Mount.uasset" 73
"../../../Engine/Content/EditorMeshes/Camera/SM_RailRig_Mount.uexp" 74
"../../../Engine/Content/EngineMaterials/T_Default_Material_Grid_M.ubulk" 75
"../../../Engine/Content/EngineMaterials/T_Default_Material_Grid_M.uasset" 76
"../../../Engine/Content/EngineMaterials/T_Default_Material_Grid_M.uexp" 77
"../../../Engine/Content/EngineMaterials/T_Default_Material_Grid_N.ubulk" 78
"../../../Engine/Content/EngineMaterials/T_Default_Material_Grid_N.uasset" 79
"../../../Engine/Content/EngineMaterials/T_Default_Material_Grid_N.uexp" 80
"../../../Engine/Content/Functions/Engine_MaterialFunctions01/Opacity/CameraDepthFade.uasset" 81
"../../../Engine/Content/Functions/Engine_MaterialFunctions01/Opacity/CameraDepthFade.uexp" 82
"../../../Engine/Content/EngineMaterials/WorldGridMaterial.uasset" 83
"../../../Engine/Content/EngineMaterials/WorldGridMaterial.uexp" 84
"../../../Engine/Content/ArtTools/RenderToTexture/Meshes/S_1_Unit_Plane.ubulk" 85
"../../../Engine/Content/ArtTools/RenderToTexture/Meshes/S_1_Unit_Plane.uasset" 86
"../../../Engine/Content/ArtTools/RenderToTexture/Meshes/S_1_Unit_Plane.uexp" 87
"../../../Engine/Content/EditorMaterials/ParticleSystems/PSysThumbnail_NoImage.ubulk" 88
"../../../Engine/Content/EditorMaterials/ParticleSystems/PSysThumbnail_NoImage.uasset" 89
"../../../Engine/Content/EditorMaterials/ParticleSystems/PSysThumbnail_NoImage.uexp" 90
"../../../Engine/Content/EditorMaterials/ParticleSystems/PSysThumbnail_OOD.ubulk" 91
"../../../Engine/Content/EditorMaterials/ParticleSystems/PSysThumbnail_OOD.uasset" 92
"../../../Engine/Content/EditorMaterials/ParticleSystems/PSysThumbnail_OOD.uexp" 93
"../../../Engine/Content/EditorLandscapeResources/SplineEditorMeshMat.uasset" 94
"../../../Engine/Content/EditorLandscapeResources/SplineEditorMeshMat.uexp" 95
"../../../Engine/Content/EditorLandscapeResources/SplineEditorMesh.ubulk" 96
"../../../Engine/Content/EditorLandscapeResources/SplineEditorMesh.uasset" 97
"../../../Engine/Content/EditorLandscapeResources/SplineEditorMesh.uexp" 98
"../../../Engine/Content/EditorMeshes/EditorSphere.ubulk" 99
"../../../Engine/Content/EditorMeshes/EditorSphere.uasset" 100
"../../../Engine/Content/EditorMeshes/EditorSphere.uexp" 101
"../../../Engine/Content/EditorResources/S_Solver.ubulk" 102
"../../../Engine/Content/EditorResources/S_Solver.uasset" 103
"../../../Engine/Content/EditorResources/S_Solver.uexp" 104
"../../../Engine/Plugins/Media/MediaPlate/Content/SM_MediaPlateScreen.ubulk" 105
"../../../Engine/Plugins/Media/MediaPlate/Content/SM_MediaPlateScreen.uasset" 106
"../../../Engine/Plugins/Media/MediaPlate/Content/SM_MediaPlateScreen.uexp" 107
"../../../Engine/Content/EngineMaterials/Good64x64TilingNoiseHighFreq.uasset" 108
"../../../Engine/Content/EngineMaterials/Good64x64TilingNoiseHighFreq.uexp" 109
"../../../Engine/Content/EngineMaterials/DefaultBokeh.uasset" 110
"../../../Engine/Content/EngineMaterials/DefaultBokeh.uexp" 111
"../../../Engine/Content/EngineMaterials/PreintegratedSkinBRDF.uasset" 112
"../../../Engine/Content/EngineMaterials/PreintegratedSkinBRDF.uexp" 113
"../../../Engine/Content/EngineMaterials/MiniFont.uasset" 114
"../../../Engine/Content/EngineMaterials/MiniFont.uexp" 115
"../../../Engine/Content/EngineMaterials/WeightMapPlaceholderTexture.uasset" 116
"../../../Engine/Content/EngineMaterials/WeightMapPlaceholderTexture.uexp" 117
"../../../Engine/Content/EngineMaterials/DefaultWhiteGrid.ubulk" 118
"../../../Engine/Content/EngineMaterials/DefaultWhiteGrid.uasset" 119
"../../../Engine/Content/EngineMaterials/DefaultWhiteGrid.uexp" 120
"../../../Engine/Plugins/Interchange/Runtime/Content/Pipelines/DefaultMaterialPipeline.uasset" 121
"../../../Engine/Plugins/Interchange/Runtime/Content/Pipelines/DefaultMaterialPipeline.uexp" 122
"../../../Engine/Content/BasicShapes/Plane.ubulk" 123
"../../../Engine/Content/BasicShapes/Plane.uasset" 124
"../../../Engine/Content/BasicShapes/Plane.uexp" 125
"../../../Engine/Content/EngineMaterials/DefaultMaterial.uasset" 126
"../../../Engine/Content/EngineMaterials/DefaultMaterial.uexp" 127
"../../../Engine/Content/BasicShapes/Cylinder.ubulk" 128
"../../../Engine/Content/BasicShapes/Cylinder.uasset" 129
"../../../Engine/Content/BasicShapes/Cylinder.uexp" 130
"../../../Engine/Content/BasicShapes/Cone.ubulk" 131
"../../../Engine/Content/BasicShapes/Cone.uasset" 132
"../../../Engine/Content/BasicShapes/Cone.uexp" 133
"../../../Engine/Content/EditorLandscapeResources/DefaultAlphaTexture.uasset" 134
"../../../Engine/Content/EditorLandscapeResources/DefaultAlphaTexture.uexp" 135
"../../../Engine/Content/EditorLandscapeResources/DataLayer.uasset" 136
"../../../Engine/Content/EditorLandscapeResources/DataLayer.uexp" 137
"../../../Engine/Content/EditorMaterials/PreviewShadowIndicator.ubulk" 138
"../../../Engine/Content/EditorMaterials/PreviewShadowIndicator.uasset" 139
"../../../Engine/Content/EditorMaterials/PreviewShadowIndicator.uexp" 140
"../../../Engine/Content/EditorMaterials/PreviewShadowIndicatorMaterial.uasset" 141
"../../../Engine/Content/EditorMaterials/PreviewShadowIndicatorMaterial.uexp" 142
"../../../Engine/Content/EditorMaterials/PhAT_UnselectedMaterial.uasset" 143
"../../../Engine/Content/EditorMaterials/PhAT_UnselectedMaterial.uexp" 144
"../../../Engine/Content/EditorMaterials/PhAT_NoCollisionMaterial.uasset" 145
"../../../Engine/Content/EditorMaterials/PhAT_NoCollisionMaterial.uexp" 146
"../../../Engine/Content/Functions/Engine_MaterialFunctions02/Utility/MakeFloat4.uasset" 147
"../../../Engine/Content/Functions/Engine_MaterialFunctions02/Utility/MakeFloat4.uexp" 148
"../../../Engine/Content/Functions/Engine_MaterialFunctions02/Utility/MakeFloat3.uasset" 149
"../../../Engine/Content/Functions/Engine_MaterialFunctions02/Utility/MakeFloat3.uexp" 150
"../../../Engine/Content/Functions/Engine_MaterialFunctions02/Utility/BreakOutFloat3Components.uasset" 151
"../../../Engine/Content/Functions/Engine_MaterialFunctions02/Utility/BreakOutFloat3Components.uexp" 152
"../../../Engine/Content/EditorMaterials/WorldPartition/WorldPartitionSpatialHashGridPreviewMaterial.uasset" 153
"../../../Engine/Content/EditorMaterials/WorldPartition/WorldPartitionSpatialHashGridPreviewMaterial.uexp" 154
"../../../Engine/Content/EditorResources/S_Terrain.ubulk" 155
"../../../Engine/Content/EditorResources/S_Terrain.uasset" 156
"../../../Engine/Content/EditorResources/S_Terrain.uexp" 157
"../../../Engine/Content/EditorResources/EmptyActor.uasset" 158
"../../../Engine/Content/EditorResources/EmptyActor.uexp" 159
"../../../Engine/Content/EditorResources/BSPVertex.uasset" 160
"../../../Engine/Content/EditorResources/BSPVertex.uexp" 161
"../../../Engine/Content/EditorResources/LightIcons/S_LightError.uasset" 162
"../../../Engine/Content/EditorResources/LightIcons/S_LightError.uexp" 163
"../../../Engine/Content/EditorResources/SequenceRecorder/RecordingIndicator.uasset" 164
"../../../Engine/Content/EditorResources/SequenceRecorder/RecordingIndicator.uexp" 165
"../../../Engine/Content/EditorResources/SequenceRecorder/Countdown.uasset" 166
"../../../Engine/Content/EditorResources/SequenceRecorder/Countdown.uexp" 167
"../../../Engine/Content/EngineDamageTypes/DmgTypeBP_Environmental.uasset" 168
"../../../Engine/Content/EngineDamageTypes/DmgTypeBP_Environmental.uexp" 169
"../../../Engine/Plugins/Interchange/Runtime/Content/Pipelines/DefaultAssetsPipeline.uasset" 170
"../../../Engine/Plugins/Interchange/Runtime/Content/Pipelines/DefaultAssetsPipeline.uexp" 171
"../../../Engine/Content/Functions/Engine_MaterialFunctions02/Utility/CameraDirectionVector.uasset" 172
"../../../Engine/Content/Functions/Engine_MaterialFunctions02/Utility/CameraDirectionVector.uexp" 173
"../../../Engine/Content/EngineDebugMaterials/VolumeToRender.uasset" 174
"../../../Engine/Content/EngineDebugMaterials/VolumeToRender.uexp" 175
"../../../Engine/Content/EngineDebugMaterials/M_VolumeRenderSphereTracePP.uasset" 176
"../../../Engine/Content/EngineDebugMaterials/M_VolumeRenderSphereTracePP.uexp" 177
"../../../Engine/Content/EngineDebugMaterials/M_SimpleUnlitTranslucent.uasset" 178
"../../../Engine/Content/EngineDebugMaterials/M_SimpleUnlitTranslucent.uexp" 179
"../../../Engine/Content/EngineDebugMaterials/DebugMeshMaterial.uasset" 180
"../../../Engine/Content/EngineDebugMaterials/DebugMeshMaterial.uexp" 181
"../../../Engine/Content/EngineDebugMaterials/DebugEditorMaterial.uasset" 182
"../../../Engine/Content/EngineDebugMaterials/DebugEditorMaterial.uexp" 183
"../../../Engine/Content/EngineFonts/Faces/RobotoLight.uexp" 184
"../../../Engine/Content/EngineFonts/Faces/RobotoLight.uasset" 185
"../../../Engine/Content/EngineFonts/Faces/RobotoLight.ufont" 186
"../../../Engine/Content/EngineFonts/Faces/RobotoBold.uexp" 187
"../../../Engine/Content/EngineFonts/Faces/RobotoBold.uasset" 188
"../../../Engine/Content/EngineFonts/Faces/RobotoBold.ufont" 189
"../../../Engine/Content/EngineFonts/Faces/RobotoRegular.uexp" 190
"../../../Engine/Content/EngineFonts/Faces/RobotoRegular.uasset" 191
"../../../Engine/Content/EngineFonts/Faces/RobotoRegular.ufont" 192
"../../../Engine/Content/EngineFonts/Faces/DroidSansFallback.uexp" 193
"../../../Engine/Content/EngineFonts/Faces/DroidSansFallback.uasset" 194
"../../../Engine/Content/EngineFonts/Faces/DroidSansFallback.ufont" 195
"../../../Engine/Content/EngineFonts/Faces/RobotoItalic.uexp" 196
"../../../Engine/Content/EngineFonts/Faces/RobotoItalic.uasset" 197
"../../../Engine/Content/EngineFonts/Faces/RobotoItalic.ufont" 198
"../../../Engine/Content/EngineFonts/Faces/RobotoBoldItalic.uexp" 199
"../../../Engine/Content/EngineFonts/Faces/RobotoBoldItalic.uasset" 200
"../../../Engine/Content/EngineFonts/Faces/RobotoBoldItalic.ufont" 201
"../../../Engine/Content/EngineFonts/Roboto.uasset" 202
"../../../Engine/Content/EngineFonts/Roboto.uexp" 203
"../../../Engine/Content/EngineResources/WhiteSquareTexture.uasset" 204
"../../../Engine/Content/EngineResources/WhiteSquareTexture.uexp" 205
"../../../Engine/Content/EngineMaterials/Widget3DPassThrough.uasset" 206
"../../../Engine/Content/EngineMaterials/Widget3DPassThrough.uexp" 207
"../../../Engine/Content/EngineMaterials/Widget3DPassThrough_Translucent.uasset" 208
"../../../Engine/Content/EngineMaterials/Widget3DPassThrough_Translucent.uexp" 209
"../../../Engine/Content/EngineMaterials/Widget3DPassThrough_Translucent_OneSided.uasset" 210
"../../../Engine/Content/EngineMaterials/Widget3DPassThrough_Translucent_OneSided.uexp" 211
"../../../Engine/Content/EngineMaterials/Widget3DPassThrough_Opaque.uasset" 212
"../../../Engine/Content/EngineMaterials/Widget3DPassThrough_Opaque.uexp" 213
"../../../Engine/Content/EngineMaterials/Widget3DPassThrough_Opaque_OneSided.uasset" 214
"../../../Engine/Content/EngineMaterials/Widget3DPassThrough_Opaque_OneSided.uexp" 215
"../../../Engine/Content/EngineMaterials/Widget3DPassThrough_Masked_OneSided.uasset" 216
"../../../Engine/Content/EngineMaterials/Widget3DPassThrough_Masked_OneSided.uexp" 217
"../../../Engine/Content/EngineMaterials/Widget3DPassThrough_Masked.uasset" 218
"../../../Engine/Content/EngineMaterials/Widget3DPassThrough_Masked.uexp" 219
"../../../Engine/Plugins/Runtime/MeshModelingToolset/Content/Materials/M_DynamicMeshComponentVtxColor.uasset" 220
"../../../Engine/Plugins/Runtime/MeshModelingToolset/Content/Materials/M_DynamicMeshComponentVtxColor.uexp" 221
"../../../Engine/Content/EngineMaterials/STBlueNoise_vec2_128x128x64.uasset" 222
"../../../Engine/Content/EngineMaterials/STBlueNoise_vec2_128x128x64.uexp" 223
"../../../Engine/Content/EngineMaterials/STBlueNoise_scalar_128x128x64.uasset" 224
"../../../Engine/Content/EngineMaterials/STBlueNoise_scalar_128x128x64.uexp" 225
"../../../Engine/Content/EngineMaterials/RemoveSurfaceMaterial.uasset" 226
"../../../Engine/Content/EngineMaterials/RemoveSurfaceMaterial.uexp" 227
"../../../Engine/Plugins/Interchange/Runtime/Content/gltf/Textures/T_Gray_Linear.uasset" 228
"../../../Engine/Plugins/Interchange/Runtime/Content/gltf/Textures/T_Gray_Linear.uexp" 229
"../../../Engine/Content/EngineMaterials/DefaultCalibrationGrayscale.uasset" 230
"../../../Engine/Content/EngineMaterials/DefaultCalibrationGrayscale.uexp" 231
"../../../Engine/Content/EngineMaterials/PPM_DefaultCalibrationGrayscale.uasset" 232
"../../../Engine/Content/EngineMaterials/PPM_DefaultCalibrationGrayscale.uexp" 233
"../../../Engine/Content/EngineMaterials/DefaultCalibrationColor.uasset" 234
"../../../Engine/Content/EngineMaterials/DefaultCalibrationColor.uexp" 235
"../../../Engine/Content/EngineMaterials/PPM_DefaultCalibrationColor.uasset" 236
"../../../Engine/Content/EngineMaterials/PPM_DefaultCalibrationColor.uexp" 237
"../../../Engine/Content/Functions/Engine_MaterialFunctions02/WorldPositionOffset/CameraOffset.uasset" 238
"../../../Engine/Content/Functions/Engine_MaterialFunctions02/WorldPositionOffset/CameraOffset.uexp" 239
"../../../Engine/Content/EngineMaterials/PhAT_JointLimitMaterial.uasset" 240
"../../../Engine/Content/EngineMaterials/PhAT_JointLimitMaterial.uexp" 241
"../../../Engine/Content/EngineMaterials/InvalidLightmapSettings.ubulk" 242
"../../../Engine/Content/EngineMaterials/InvalidLightmapSettings.uasset" 243
"../../../Engine/Content/EngineMaterials/InvalidLightmapSettings.uexp" 244
"../../../Engine/Content/EngineMaterials/M_InvalidLightmapSettings.uasset" 245
"../../../Engine/Content/EngineMaterials/M_InvalidLightmapSettings.uexp" 246
"../../../Engine/Plugins/Interchange/Runtime/Content/gltf/Textures/T_Black_srgb.uasset" 247
"../../../Engine/Plugins/Interchange/Runtime/Content/gltf/Textures/T_Black_srgb.uexp" 248
"../../../Engine/Content/EngineMaterials/GizmoMaterial.uasset" 249
"../../../Engine/Content/EngineMaterials/GizmoMaterial.uexp" 250
"../../../Engine/Content/EngineMaterials/BaseFlattenEmissiveMap_VT.uasset" 251
"../../../Engine/Content/EngineMaterials/BaseFlattenEmissiveMap_VT.uexp" 252
"../../../Engine/Content/EngineMaterials/BaseFlattenGrayscaleMap_VT.uasset" 253
"../../../Engine/Content/EngineMaterials/BaseFlattenGrayscaleMap_VT.uexp" 254
"../../../Engine/Content/EngineMaterials/BaseFlattenLinearColor_VT.uasset" 255
"../../../Engine/Content/EngineMaterials/BaseFlattenLinearColor_VT.uexp" 256
"../../../Engine/Content/EngineMaterials/Black_1x1_EXR_Texture_VT.uasset" 257
"../../../Engine/Content/EngineMaterials/Black_1x1_EXR_Texture_VT.uexp" 258
"../../../Engine/Content/EngineMaterials/BaseFlattenDiffuseMap_VT.uasset" 259
"../../../Engine/Content/EngineMaterials/BaseFlattenDiffuseMap_VT.uexp" 260
"../../../Engine/Content/EngineMaterials/BaseFlattenNormalMap_VT.uasset" 261
"../../../Engine/Content/EngineMaterials/BaseFlattenNormalMap_VT.uexp" 262
"../../../Engine/Content/EngineMaterials/FlattenMaterial_WS_Normal_VT.uasset" 263
"../../../Engine/Content/EngineMaterials/FlattenMaterial_WS_Normal_VT.uexp" 264
"../../../Engine/Content/EngineMaterials/FlattenMaterial_VT.uasset" 265
"../../../Engine/Content/EngineMaterials/FlattenMaterial_VT.uexp" 266
"../../../Engine/Content/EngineMaterials/BaseFlattenNormalMap.uasset" 267
"../../../Engine/Content/EngineMaterials/BaseFlattenNormalMap.uexp" 268
"../../../Engine/Content/EngineMaterials/BaseFlattenGrayscaleMap.uasset" 269
"../../../Engine/Content/EngineMaterials/BaseFlattenGrayscaleMap.uexp" 270
"../../../Engine/Content/EngineMaterials/BaseFlattenDiffuseMap.uasset" 271
"../../../Engine/Content/EngineMaterials/BaseFlattenDiffuseMap.uexp" 272
"../../../Engine/Content/Functions/Engine_MaterialFunctions02/PivotPainter2/Black_1x1_EXR_Texture.uasset" 273
"../../../Engine/Content/Functions/Engine_MaterialFunctions02/PivotPainter2/Black_1x1_EXR_Texture.uexp" 274
"../../../Engine/Content/EngineMaterials/BaseFlattenEmissiveMap.uasset" 275
"../../../Engine/Content/EngineMaterials/BaseFlattenEmissiveMap.uexp" 276
"../../../Engine/Content/EngineMaterials/BaseFlattenLinearColor.uasset" 277
"../../../Engine/Content/EngineMaterials/BaseFlattenLinearColor.uexp" 278
"../../../Engine/Content/EngineMaterials/FlattenMaterial.uasset" 279
"../../../Engine/Content/EngineMaterials/FlattenMaterial.uexp" 280
"../../../Engine/Content/EngineMaterials/DefaultWhiteGrid_Low.uasset" 281
"../../../Engine/Content/EngineMaterials/DefaultWhiteGrid_Low.uexp" 282
"../../../Engine/Content/EngineMaterials/EmissiveMeshMaterial.uasset" 283
"../../../Engine/Content/EngineMaterials/EmissiveMeshMaterial.uexp" 284
"../../../Engine/Plugins/Interchange/Runtime/Content/Materials/MapOrLinearColorFunction.uasset" 285
"../../../Engine/Plugins/Interchange/Runtime/Content/Materials/MapOrLinearColorFunction.uexp" 286
"../../../Engine/Content/EngineMaterials/DefaultNormal.ubulk" 287
"../../../Engine/Content/EngineMaterials/DefaultNormal.uasset" 288
"../../../Engine/Content/EngineMaterials/DefaultNormal.uexp" 289
"../../../Engine/Plugins/Interchange/Runtime/Content/Materials/MapOrScalarFunction.uasset" 290
"../../../Engine/Plugins/Interchange/Runtime/Content/Materials/MapOrScalarFunction.uexp" 291
"../../../Engine/Plugins/Interchange/Runtime/Content/Materials/MapOrColorFunction.uasset" 292
"../../../Engine/Plugins/Interchange/Runtime/Content/Materials/MapOrColorFunction.uexp" 293
"../../../Engine/Plugins/Interchange/Runtime/Content/Materials/CommonMaterial.uasset" 294
"../../../Engine/Plugins/Interchange/Runtime/Content/Materials/CommonMaterial.uexp" 295
"../../../Engine/Plugins/Interchange/Runtime/Content/Materials/PBRSurfaceFunction.uasset" 296
"../../../Engine/Plugins/Interchange/Runtime/Content/Materials/PBRSurfaceFunction.uexp" 297
"../../../Engine/Plugins/Interchange/Runtime/Content/Materials/ClearCoatMaterial.uasset" 298
"../../../Engine/Plugins/Interchange/Runtime/Content/Materials/ClearCoatMaterial.uexp" 299
"../../../Engine/Plugins/Interchange/Runtime/Content/gltf/MaterialFunctions/MF_RotateV2.uasset" 300
"../../../Engine/Plugins/Interchange/Runtime/Content/gltf/MaterialFunctions/MF_RotateV2.uexp" 301
"../../../Engine/Plugins/Interchange/Runtime/Content/gltf/MaterialFunctions/MF_TransformUVs.uasset" 302
"../../../Engine/Plugins/Interchange/Runtime/Content/gltf/MaterialFunctions/MF_TransformUVs.uexp" 303
"../../../Engine/Plugins/Interchange/Runtime/Content/gltf/Textures/T_White_srgb.uasset" 304
"../../../Engine/Plugins/Interchange/Runtime/Content/gltf/Textures/T_White_srgb.uexp" 305
"../../../Engine/Plugins/Interchange/Runtime/Content/gltf/MaterialFunctions/MF_BaseColor.uasset" 306
"../../../Engine/Plugins/Interchange/Runtime/Content/gltf/MaterialFunctions/MF_BaseColor.uexp" 307
"../../../Engine/Plugins/Interchange/Runtime/Content/gltf/MaterialFunctions/MF_DiffuseSpecGloss.uasset" 308
"../../../Engine/Plugins/Interchange/Runtime/Content/gltf/MaterialFunctions/MF_DiffuseSpecGloss.uexp" 309
"../../../Engine/Plugins/Interchange/Runtime/Content/gltf/Textures/T_White_Linear.uasset" 310
"../../../Engine/Plugins/Interchange/Runtime/Content/gltf/Textures/T_White_Linear.uexp" 311
"../../../Engine/Plugins/Interchange/Runtime/Content/gltf/MaterialFunctions/MF_MetallicRoughness.uasset" 312
"../../../Engine/Plugins/Interchange/Runtime/Content/gltf/MaterialFunctions/MF_MetallicRoughness.uexp" 313
"../../../Engine/Content/Functions/Engine_MaterialFunctions02/Math/Transform3x3Matrix.uasset" 314
"../../../Engine/Content/Functions/Engine_MaterialFunctions02/Math/Transform3x3Matrix.uexp" 315
"../../../Engine/Plugins/Interchange/Runtime/Content/gltf/MaterialFunctions/MF_RotateNormals_TS.uasset" 316
"../../../Engine/Plugins/Interchange/Runtime/Content/gltf/MaterialFunctions/MF_RotateNormals_TS.uexp" 317
"../../../Engine/Plugins/Interchange/Runtime/Content/gltf/Textures/T_Generic_N.uasset" 318
"../../../Engine/Plugins/Interchange/Runtime/Content/gltf/Textures/T_Generic_N.uexp" 319
"../../../Engine/Plugins/Interchange/Runtime/Content/gltf/MaterialFunctions/MF_Clearcoat.uasset" 320
"../../../Engine/Plugins/Interchange/Runtime/Content/gltf/MaterialFunctions/MF_Clearcoat.uexp" 321
"../../../Engine/Plugins/Interchange/Runtime/Content/gltf/MaterialFunctions/MF_Occlusion.uasset" 322
"../../../Engine/Plugins/Interchange/Runtime/Content/gltf/MaterialFunctions/MF_Occlusion.uexp" 323
"../../../Engine/Plugins/Interchange/Runtime/Content/gltf/MaterialFunctions/MF_Emissive.uasset" 324
"../../../Engine/Plugins/Interchange/Runtime/Content/gltf/MaterialFunctions/MF_Emissive.uexp" 325
"../../../Engine/Plugins/Interchange/Runtime/Content/gltf/MaterialFunctions/MF_Specular.uasset" 326
"../../../Engine/Plugins/Interchange/Runtime/Content/gltf/MaterialFunctions/MF_Specular.uexp" 327
"../../../Engine/Plugins/Interchange/Runtime/Content/gltf/MaterialFunctions/MF_IOR.uasset" 328
"../../../Engine/Plugins/Interchange/Runtime/Content/gltf/MaterialFunctions/MF_IOR.uexp" 329
"../../../Engine/Content/Functions/Engine_MaterialFunctions01/Texturing/FlattenNormal.uasset" 330
"../../../Engine/Content/Functions/Engine_MaterialFunctions01/Texturing/FlattenNormal.uexp" 331
"../../../Engine/Plugins/Interchange/Runtime/Content/gltf/MaterialFunctions/MF_Normals.uasset" 332
"../../../Engine/Plugins/Interchange/Runtime/Content/gltf/MaterialFunctions/MF_Normals.uexp" 333
"../../../Engine/Content/Functions/Engine_MaterialFunctions02/Math/AddComponents.uasset" 334
"../../../Engine/Content/Functions/Engine_MaterialFunctions02/Math/AddComponents.uexp" 335
"../../../Engine/Plugins/Interchange/Runtime/Content/gltf/MaterialFunctions/MF_PerceivedBrightness.uasset" 336
"../../../Engine/Plugins/Interchange/Runtime/Content/gltf/MaterialFunctions/MF_PerceivedBrightness.uexp" 337
"../../../Engine/Plugins/Interchange/Runtime/Content/gltf/MaterialFunctions/MF_SpecGlossToMetalRoughness.uasset" 338
"../../../Engine/Plugins/Interchange/Runtime/Content/gltf/MaterialFunctions/MF_SpecGlossToMetalRoughness.uexp" 339
"../../../Engine/Plugins/Interchange/Runtime/Content/gltf/M_Opaque.uasset" 340
"../../../Engine/Plugins/Interchange/Runtime/Content/gltf/M_Opaque.uexp" 341
"../../../Engine/Plugins/Interchange/Runtime/Content/gltf/MaterialInstances_SG/MI_Opaque.uasset" 342
"../../../Engine/Plugins/Interchange/Runtime/Content/gltf/MaterialInstances_SG/MI_Opaque.uexp" 343
"../../../Engine/Content/EngineFonts/RobotoDistanceField.uasset" 344
"../../../Engine/Content/EngineFonts/RobotoDistanceField.uexp" 345
"../../../Engine/Content/EngineMaterials/DefaultTextMaterialOpaque.uasset" 346
"../../../Engine/Content/EngineMaterials/DefaultTextMaterialOpaque.uexp" 347
"../../../Engine/Content/EngineMaterials/DefaultDiffuse.ubulk" 348
"../../../Engine/Content/EngineMaterials/DefaultDiffuse.uasset" 349
"../../../Engine/Content/EngineMaterials/DefaultDiffuse.uexp" 350
"../../../Engine/Content/Functions/Engine_MaterialFunctions02/Utility/BreakOutFloat2Components.uasset" 351
"../../../Engine/Content/Functions/Engine_MaterialFunctions02/Utility/BreakOutFloat2Components.uexp" 352
"../../../Engine/Content/EngineMaterials/DefaultPostProcessMaterial.uasset" 353
"../../../Engine/Content/EngineMaterials/DefaultPostProcessMaterial.uexp" 354
"../../../Engine/Content/EngineMaterials/DefaultPhysicalMaterial.uasset" 355
"../../../Engine/Content/EngineMaterials/DefaultPhysicalMaterial.uexp" 356
"../../../Engine/Content/EngineMaterials/DefaultLightFunctionMaterial.uasset" 357
"../../../Engine/Content/EngineMaterials/DefaultLightFunctionMaterial.uexp" 358
"../../../Engine/Content/EngineMaterials/DefaultDestructiblePhysicalMaterial.uasset" 359
"../../../Engine/Content/EngineMaterials/DefaultDestructiblePhysicalMaterial.uexp" 360
"../../../Engine/Content/EngineMaterials/DefaultDeferredDecalMaterial.uasset" 361
"../../../Engine/Content/EngineMaterials/DefaultDeferredDecalMaterial.uexp" 362
"../../../Engine/Content/EngineMaterials/DefaultBloomKernel.uasset" 363
"../../../Engine/Content/EngineMaterials/DefaultBloomKernel.uexp" 364
"../../../Engine/Plugins/Interchange/Runtime/Content/Materials/UnlitMaterial.uasset" 365
"../../../Engine/Plugins/Interchange/Runtime/Content/Materials/UnlitMaterial.uexp" 366
"../../../Engine/Plugins/Interchange/Runtime/Content/Materials/ThinTranslucentMaterial.uasset" 367
"../../../Engine/Plugins/Interchange/Runtime/Content/Materials/ThinTranslucentMaterial.uexp" 368
"../../../Engine/Content/EngineMaterials/FlatNormal.uasset" 369
"../../../Engine/Content/EngineMaterials/FlatNormal.uexp" 370
"../../../Engine/Plugins/Interchange/Runtime/Content/Functions/MF_OrenNayerView.uasset" 371
"../../../Engine/Plugins/Interchange/Runtime/Content/Functions/MF_OrenNayerView.uexp" 372
"../../../Engine/Content/EditorLandscapeResources/WhiteSquareTexture.uasset" 373
"../../../Engine/Content/EditorLandscapeResources/WhiteSquareTexture.uexp" 374
"../../../Engine/Plugins/Interchange/Runtime/Content/Functions/MF_SchlickApprox.uasset" 375
"../../../Engine/Plugins/Interchange/Runtime/Content/Functions/MF_SchlickApprox.uexp" 376
"../../../Engine/Plugins/Interchange/Runtime/Content/Utilities/New_LUT.uasset" 377
"../../../Engine/Plugins/Interchange/Runtime/Content/Utilities/New_LUT.uexp" 378
"../../../Engine/Content/Functions/Engine_MaterialFunctions03/Math/RemapValueRange.uasset" 379
"../../../Engine/Content/Functions/Engine_MaterialFunctions03/Math/RemapValueRange.uexp" 380
"../../../Engine/Plugins/Interchange/Runtime/Content/Functions/MF_Iridescence.uasset" 381
"../../../Engine/Plugins/Interchange/Runtime/Content/Functions/MF_Iridescence.uexp" 382
"../../../Engine/Plugins/Interchange/Runtime/Content/Materials/OrenNayerMaterial.uasset" 383
"../../../Engine/Plugins/Interchange/Runtime/Content/Materials/OrenNayerMaterial.uexp" 384
"../../../Engine/Plugins/Interchange/Runtime/Content/Materials/SubsurfaceMaterial.uasset" 385
"../../../Engine/Plugins/Interchange/Runtime/Content/Materials/SubsurfaceMaterial.uexp" 386
"../../../Engine/Plugins/Interchange/Runtime/Content/Materials/SheenMaterial.uasset" 387
"../../../Engine/Plugins/Interchange/Runtime/Content/Materials/SheenMaterial.uexp" 388
"../../../Engine/Content/Functions/Engine_MaterialFunctions01/Shading/ConvertFromDiffSpec.uasset" 389
"../../../Engine/Content/Functions/Engine_MaterialFunctions01/Shading/ConvertFromDiffSpec.uexp" 390
"../../../Engine/Plugins/Interchange/Runtime/Content/Materials/PhongSurfaceMaterial.uasset" 391
"../../../Engine/Plugins/Interchange/Runtime/Content/Materials/PhongSurfaceMaterial.uexp" 392
"../../../Engine/Plugins/Interchange/Runtime/Content/Materials/PBRSurfaceMaterial.uasset" 393
"../../../Engine/Plugins/Interchange/Runtime/Content/Materials/PBRSurfaceMaterial.uexp" 394
"../../../Engine/Plugins/Interchange/Runtime/Content/Materials/LambertSurfaceMaterial.uasset" 395
"../../../Engine/Plugins/Interchange/Runtime/Content/Materials/LambertSurfaceMaterial.uexp" 396
"../../../Engine/Content/EngineResources/FilmGrains/Marcie_Grain_v3_128_M2_000.uasset" 397
"../../../Engine/Content/EngineResources/FilmGrains/Marcie_Grain_v3_128_M2_000.uexp" 398
"../../../Engine/Content/EngineSky/VolumetricClouds/CloudWeatherTexture.uasset" 399
"../../../Engine/Content/EngineSky/VolumetricClouds/CloudWeatherTexture.uexp" 400
"../../../Engine/Content/Functions/Engine_MaterialFunctions02/Utility/MakeFloat2.uasset" 401
"../../../Engine/Content/Functions/Engine_MaterialFunctions02/Utility/MakeFloat2.uexp" 402
"../../../Engine/Content/EngineSky/VolumetricClouds/CloudGradientTexture.uasset" 403
"../../../Engine/Content/EngineSky/VolumetricClouds/CloudGradientTexture.uexp" 404
"../../../Engine/Content/EngineSky/VolumetricClouds/T_NoiseShape64.ubulk" 405
"../../../Engine/Content/EngineSky/VolumetricClouds/T_NoiseShape64.uasset" 406
"../../../Engine/Content/EngineSky/VolumetricClouds/T_NoiseShape64.uexp" 407
"../../../Engine/Content/EngineSky/VolumetricClouds/T_VolumeNoiseShape64.uasset" 408
"../../../Engine/Content/EngineSky/VolumetricClouds/T_VolumeNoiseShape64.uexp" 409
"../../../Engine/Content/EngineSky/VolumetricClouds/T_NoiseErosion.ubulk" 410
"../../../Engine/Content/EngineSky/VolumetricClouds/T_NoiseErosion.uasset" 411
"../../../Engine/Content/EngineSky/VolumetricClouds/T_NoiseErosion.uexp" 412
"../../../Engine/Content/EngineSky/VolumetricClouds/T_VolumeNoiseErosion32.uasset" 413
"../../../Engine/Content/EngineSky/VolumetricClouds/T_VolumeNoiseErosion32.uexp" 414
"../../../Engine/Content/EngineSky/VolumetricClouds/m_SimpleVolumetricCloud.uasset" 415
"../../../Engine/Content/EngineSky/VolumetricClouds/m_SimpleVolumetricCloud.uexp" 416
"../../../Engine/Content/EngineSky/VolumetricClouds/m_SimpleVolumetricCloud_Inst.uasset" 417
"../../../Engine/Content/EngineSky/VolumetricClouds/m_SimpleVolumetricCloud_Inst.uexp" 418
"../../../Engine/Content/EngineSounds/Master.uasset" 419
"../../../Engine/Content/EngineSounds/Master.uexp" 420
"../../../Engine/Content/Functions/Engine_MaterialFunctions01/Shading/PowerToRoughness.uasset" 421
"../../../Engine/Content/Functions/Engine_MaterialFunctions01/Shading/PowerToRoughness.uexp" 422
"../../../Engine/Content/MobileResources/HUD/VirtualJoystick_Background.uasset" 423
"../../../Engine/Content/MobileResources/HUD/VirtualJoystick_Background.uexp" 424
"../../../Engine/Content/MobileResources/HUD/VirtualJoystick_Thumb.uasset" 425
"../../../Engine/Content/MobileResources/HUD/VirtualJoystick_Thumb.uexp" 426
"../../../Engine/Content/MobileResources/HUD/DefaultVirtualJoysticks.uasset" 427
"../../../Engine/Content/MobileResources/HUD/DefaultVirtualJoysticks.uexp" 428
"../../../Engine/Plugins/2D/Paper2D/Content/PlaceholderTextures/DummySpriteTexture.ubulk" 429
"../../../Engine/Plugins/2D/Paper2D/Content/PlaceholderTextures/DummySpriteTexture.uasset" 430
"../../../Engine/Plugins/2D/Paper2D/Content/PlaceholderTextures/DummySpriteTexture.uexp" 431
"../../../Engine/Plugins/2D/Paper2D/Content/DefaultSpriteMaterial.uasset" 432
"../../../Engine/Plugins/2D/Paper2D/Content/DefaultSpriteMaterial.uexp" 433
"../../../Engine/Plugins/2D/Paper2D/Content/OpaqueUnlitSpriteMaterial.uasset" 434
"../../../Engine/Plugins/2D/Paper2D/Content/OpaqueUnlitSpriteMaterial.uexp" 435
"../../../Engine/Plugins/2D/Paper2D/Content/MaskedUnlitSpriteMaterial.uasset" 436
"../../../Engine/Plugins/2D/Paper2D/Content/MaskedUnlitSpriteMaterial.uexp" 437
"../../../Engine/Plugins/2D/Paper2D/Content/DummySprite.uasset" 438
"../../../Engine/Plugins/2D/Paper2D/Content/DummySprite.uexp" 439
"../../../Engine/Plugins/2D/Paper2D/Content/DefaultPaperTerrainMaterial.uasset" 440
"../../../Engine/Plugins/2D/Paper2D/Content/DefaultPaperTerrainMaterial.uexp" 441
"../../../Engine/Plugins/Animation/ControlRig/Content/M_Manip.uasset" 442
"../../../Engine/Plugins/Animation/ControlRig/Content/M_Manip.uexp" 443
"../../../Engine/Plugins/Animation/ControlRig/Content/Controls/DefaultGizmoLibraryNormalized.uasset" 444
"../../../Engine/Plugins/Animation/ControlRig/Content/Controls/DefaultGizmoLibraryNormalized.uexp" 445
"../../../Engine/Plugins/Animation/ControlRig/Content/Controls/ControlRig_Wedge_solid.ubulk" 446
"../../../Engine/Plugins/Animation/ControlRig/Content/Controls/ControlRig_Wedge_solid.uasset" 447
"../../../Engine/Plugins/Animation/ControlRig/Content/Controls/ControlRig_Wedge_solid.uexp" 448
"../../../Engine/Plugins/Animation/ControlRig/Content/Controls/ControlRig_Wedge_3mm.ubulk" 449
"../../../Engine/Plugins/Animation/ControlRig/Content/Controls/ControlRig_Wedge_3mm.uasset" 450
"../../../Engine/Plugins/Animation/ControlRig/Content/Controls/ControlRig_Wedge_3mm.uexp" 451
"../../../Engine/Plugins/Animation/ControlRig/Content/Controls/ControlRig_Wedge_1mm.ubulk" 452
"../../../Engine/Plugins/Animation/ControlRig/Content/Controls/ControlRig_Wedge_1mm.uasset" 453
"../../../Engine/Plugins/Animation/ControlRig/Content/Controls/ControlRig_Wedge_1mm.uexp" 454
"../../../Engine/Plugins/Animation/ControlRig/Content/Controls/ControlRig_Triangle_solid.ubulk" 455
"../../../Engine/Plugins/Animation/ControlRig/Content/Controls/ControlRig_Triangle_solid.uasset" 456
"../../../Engine/Plugins/Animation/ControlRig/Content/Controls/ControlRig_Triangle_solid.uexp" 457
"../../../Engine/Plugins/Animation/ControlRig/Content/Controls/ControlRig_Triangle_3mm.ubulk" 458
"../../../Engine/Plugins/Animation/ControlRig/Content/Controls/ControlRig_Triangle_3mm.uasset" 459
"../../../Engine/Plugins/Animation/ControlRig/Content/Controls/ControlRig_Triangle_3mm.uexp" 460
"../../../Engine/Plugins/Animation/ControlRig/Content/Controls/ControlRig_Triangle_1mm.ubulk" 461
"../../../Engine/Plugins/Animation/ControlRig/Content/Controls/ControlRig_Triangle_1mm.uasset" 462
"../../../Engine/Plugins/Animation/ControlRig/Content/Controls/ControlRig_Triangle_1mm.uexp" 463
"../../../Engine/Plugins/Animation/ControlRig/Content/Controls/ControlRig_Star4_solid.ubulk" 464
"../../../Engine/Plugins/Animation/ControlRig/Content/Controls/ControlRig_Star4_solid.uasset" 465
"../../../Engine/Plugins/Animation/ControlRig/Content/Controls/ControlRig_Star4_solid.uexp" 466
"../../../Engine/Plugins/Animation/ControlRig/Content/Controls/ControlRig_Star4_3mm.ubulk" 467
"../../../Engine/Plugins/Animation/ControlRig/Content/Controls/ControlRig_Star4_3mm.uasset" 468
"../../../Engine/Plugins/Animation/ControlRig/Content/Controls/ControlRig_Star4_3mm.uexp" 469
"../../../Engine/Plugins/Animation/ControlRig/Content/Controls/ControlRig_Star4_1mm.ubulk" 470
"../../../Engine/Plugins/Animation/ControlRig/Content/Controls/ControlRig_Star4_1mm.uasset" 471
"../../../Engine/Plugins/Animation/ControlRig/Content/Controls/ControlRig_Star4_1mm.uexp" 472
"../../../Engine/Plugins/Animation/ControlRig/Content/Controls/ControlRig_Square_solid.ubulk" 473
"../../../Engine/Plugins/Animation/ControlRig/Content/Controls/ControlRig_Square_solid.uasset" 474
"../../../Engine/Plugins/Animation/ControlRig/Content/Controls/ControlRig_Square_solid.uexp" 475
"../../../Engine/Plugins/Animation/ControlRig/Content/Controls/ControlRig_Square_3mm.ubulk" 476
"../../../Engine/Plugins/Animation/ControlRig/Content/Controls/ControlRig_Square_3mm.uasset" 477
"../../../Engine/Plugins/Animation/ControlRig/Content/Controls/ControlRig_Square_3mm.uexp" 478
"../../../Engine/Plugins/Animation/ControlRig/Content/Controls/ControlRig_Square_1mm.ubulk" 479
"../../../Engine/Plugins/Animation/ControlRig/Content/Controls/ControlRig_Square_1mm.uasset" 480
"../../../Engine/Plugins/Animation/ControlRig/Content/Controls/ControlRig_Square_1mm.uexp" 481
"../../../Engine/Plugins/Animation/ControlRig/Content/Controls/ControlRig_Sphere_solid.ubulk" 482
"../../../Engine/Plugins/Animation/ControlRig/Content/Controls/ControlRig_Sphere_solid.uasset" 483
"../../../Engine/Plugins/Animation/ControlRig/Content/Controls/ControlRig_Sphere_solid.uexp" 484
"../../../Engine/Plugins/Animation/ControlRig/Content/Controls/ControlRig_Sphere_3mm.ubulk" 485
"../../../Engine/Plugins/Animation/ControlRig/Content/Controls/ControlRig_Sphere_3mm.uasset" 486
"../../../Engine/Plugins/Animation/ControlRig/Content/Controls/ControlRig_Sphere_3mm.uexp" 487
"../../../Engine/Plugins/Animation/ControlRig/Content/Controls/ControlRig_Sphere_1mm.ubulk" 488
"../../../Engine/Plugins/Animation/ControlRig/Content/Controls/ControlRig_Sphere_1mm.uasset" 489
"../../../Engine/Plugins/Animation/ControlRig/Content/Controls/ControlRig_Sphere_1mm.uexp" 490
"../../../Engine/Plugins/Animation/ControlRig/Content/Controls/ControlRig_RoundedTriangle_solid.ubulk" 491
"../../../Engine/Plugins/Animation/ControlRig/Content/Controls/ControlRig_RoundedTriangle_solid.uasset" 492
"../../../Engine/Plugins/Animation/ControlRig/Content/Controls/ControlRig_RoundedTriangle_solid.uexp" 493
"../../../Engine/Plugins/Animation/ControlRig/Content/Controls/ControlRig_RoundedTriangle_3mm.ubulk" 494
"../../../Engine/Plugins/Animation/ControlRig/Content/Controls/ControlRig_RoundedTriangle_3mm.uasset" 495
"../../../Engine/Plugins/Animation/ControlRig/Content/Controls/ControlRig_RoundedTriangle_3mm.uexp" 496
"../../../Engine/Plugins/Animation/ControlRig/Content/Controls/ControlRig_RoundedTriangle_1mm.ubulk" 497
"../../../Engine/Plugins/Animation/ControlRig/Content/Controls/ControlRig_RoundedTriangle_1mm.uasset" 498
"../../../Engine/Plugins/Animation/ControlRig/Content/Controls/ControlRig_RoundedTriangle_1mm.uexp" 499
"../../../Engine/Plugins/Animation/ControlRig/Content/Controls/ControlRig_RoundedSquare_solid.ubulk" 500
"../../../Engine/Plugins/Animation/ControlRig/Content/Controls/ControlRig_RoundedSquare_solid.uasset" 501
"../../../Engine/Plugins/Animation/ControlRig/Content/Controls/ControlRig_RoundedSquare_solid.uexp" 502
"../../../Engine/Plugins/Animation/ControlRig/Content/Controls/ControlRig_RoundedSquare_3mm.ubulk" 503
"../../../Engine/Plugins/Animation/ControlRig/Content/Controls/ControlRig_RoundedSquare_3mm.uasset" 504
"../../../Engine/Plugins/Animation/ControlRig/Content/Controls/ControlRig_RoundedSquare_3mm.uexp" 505
"../../../Engine/Plugins/Animation/ControlRig/Content/Controls/ControlRig_RoundedSquare_1mm.ubulk" 506
"../../../Engine/Plugins/Animation/ControlRig/Content/Controls/ControlRig_RoundedSquare_1mm.uasset" 507
"../../../Engine/Plugins/Animation/ControlRig/Content/Controls/ControlRig_RoundedSquare_1mm.uexp" 508
"../../../Engine/Plugins/Animation/ControlRig/Content/Controls/ControlRig_QuarterCircle_solid.ubulk" 509
"../../../Engine/Plugins/Animation/ControlRig/Content/Controls/ControlRig_QuarterCircle_solid.uasset" 510
"../../../Engine/Plugins/Animation/ControlRig/Content/Controls/ControlRig_QuarterCircle_solid.uexp" 511
"../../../Engine/Plugins/Animation/ControlRig/Content/Controls/ControlRig_QuarterCircle_3mm.ubulk" 512
"../../../Engine/Plugins/Animation/ControlRig/Content/Controls/ControlRig_QuarterCircle_3mm.uasset" 513
"../../../Engine/Plugins/Animation/ControlRig/Content/Controls/ControlRig_QuarterCircle_3mm.uexp" 514
"../../../Engine/Plugins/Animation/ControlRig/Content/Controls/ControlRig_QuarterCircle_1mm.ubulk" 515
"../../../Engine/Plugins/Animation/ControlRig/Content/Controls/ControlRig_QuarterCircle_1mm.uasset" 516
"../../../Engine/Plugins/Animation/ControlRig/Content/Controls/ControlRig_QuarterCircle_1mm.uexp" 517
"../../../Engine/Plugins/Animation/ControlRig/Content/Controls/ControlRig_Pyramid_solid.ubulk" 518
"../../../Engine/Plugins/Animation/ControlRig/Content/Controls/ControlRig_Pyramid_solid.uasset" 519
"../../../Engine/Plugins/Animation/ControlRig/Content/Controls/ControlRig_Pyramid_solid.uexp" 520
"../../../Engine/Plugins/Animation/ControlRig/Content/Controls/ControlRig_Pyramid_3mm.ubulk" 521
"../../../Engine/Plugins/Animation/ControlRig/Content/Controls/ControlRig_Pyramid_3mm.uasset" 522
"../../../Engine/Plugins/Animation/ControlRig/Content/Controls/ControlRig_Pyramid_3mm.uexp" 523
"../../../Engine/Plugins/Animation/ControlRig/Content/Controls/ControlRig_Pyramid_1mm.ubulk" 524
"../../../Engine/Plugins/Animation/ControlRig/Content/Controls/ControlRig_Pyramid_1mm.uasset" 525
"../../../Engine/Plugins/Animation/ControlRig/Content/Controls/ControlRig_Pyramid_1mm.uexp" 526
"../../../Engine/Plugins/Animation/ControlRig/Content/Controls/ControlRig_Octagon_solid.ubulk" 527
"../../../Engine/Plugins/Animation/ControlRig/Content/Controls/ControlRig_Octagon_solid.uasset" 528
"../../../Engine/Plugins/Animation/ControlRig/Content/Controls/ControlRig_Octagon_solid.uexp" 529
"../../../Engine/Plugins/Animation/ControlRig/Content/Controls/ControlRig_Octagon_3mm.ubulk" 530
"../../../Engine/Plugins/Animation/ControlRig/Content/Controls/ControlRig_Octagon_3mm.uasset" 531
"../../../Engine/Plugins/Animation/ControlRig/Content/Controls/ControlRig_Octagon_3mm.uexp" 532
"../../../Engine/Plugins/Animation/ControlRig/Content/Controls/ControlRig_Octagon_1mm.ubulk" 533
"../../../Engine/Plugins/Animation/ControlRig/Content/Controls/ControlRig_Octagon_1mm.uasset" 534
"../../../Engine/Plugins/Animation/ControlRig/Content/Controls/ControlRig_Octagon_1mm.uexp" 535
"../../../Engine/Plugins/Animation/ControlRig/Content/Controls/ControlRig_Hexagon_solid.ubulk" 536
"../../../Engine/Plugins/Animation/ControlRig/Content/Controls/ControlRig_Hexagon_solid.uasset" 537
"../../../Engine/Plugins/Animation/ControlRig/Content/Controls/ControlRig_Hexagon_solid.uexp" 538
"../../../Engine/Plugins/Animation/ControlRig/Content/Controls/ControlRig_Hexagon_3mm.ubulk" 539
"../../../Engine/Plugins/Animation/ControlRig/Content/Controls/ControlRig_Hexagon_3mm.uasset" 540
"../../../Engine/Plugins/Animation/ControlRig/Content/Controls/ControlRig_Hexagon_3mm.uexp" 541
"../../../Engine/Plugins/Animation/ControlRig/Content/Controls/ControlRig_Hexagon_1mm.ubulk" 542
"../../../Engine/Plugins/Animation/ControlRig/Content/Controls/ControlRig_Hexagon_1mm.uasset" 543
"../../../Engine/Plugins/Animation/ControlRig/Content/Controls/ControlRig_Hexagon_1mm.uexp" 544
"../../../Engine/Plugins/Animation/ControlRig/Content/Controls/ControlRig_HalfCircle_solid.ubulk" 545
"../../../Engine/Plugins/Animation/ControlRig/Content/Controls/ControlRig_HalfCircle_solid.uasset" 546
"../../../Engine/Plugins/Animation/ControlRig/Content/Controls/ControlRig_HalfCircle_solid.uexp" 547
"../../../Engine/Plugins/Animation/ControlRig/Content/Controls/ControlRig_HalfCircle_3mm.ubulk" 548
"../../../Engine/Plugins/Animation/ControlRig/Content/Controls/ControlRig_HalfCircle_3mm.uasset" 549
"../../../Engine/Plugins/Animation/ControlRig/Content/Controls/ControlRig_HalfCircle_3mm.uexp" 550
"../../../Engine/Plugins/Animation/ControlRig/Content/Controls/ControlRig_HalfCircle_1mm.ubulk" 551
"../../../Engine/Plugins/Animation/ControlRig/Content/Controls/ControlRig_HalfCircle_1mm.uasset" 552
"../../../Engine/Plugins/Animation/ControlRig/Content/Controls/ControlRig_HalfCircle_1mm.uexp" 553
"../../../Engine/Plugins/Animation/ControlRig/Content/Controls/ControlRig_Diamond_solid.ubulk" 554
"../../../Engine/Plugins/Animation/ControlRig/Content/Controls/ControlRig_Diamond_solid.uasset" 555
"../../../Engine/Plugins/Animation/ControlRig/Content/Controls/ControlRig_Diamond_solid.uexp" 556
"../../../Engine/Plugins/Animation/ControlRig/Content/Controls/ControlRig_Diamond_3mm.ubulk" 557
"../../../Engine/Plugins/Animation/ControlRig/Content/Controls/ControlRig_Diamond_3mm.uasset" 558
"../../../Engine/Plugins/Animation/ControlRig/Content/Controls/ControlRig_Diamond_3mm.uexp" 559
"../../../Engine/Plugins/Animation/ControlRig/Content/Controls/ControlRig_Diamond_1mm.ubulk" 560
"../../../Engine/Plugins/Animation/ControlRig/Content/Controls/ControlRig_Diamond_1mm.uasset" 561
"../../../Engine/Plugins/Animation/ControlRig/Content/Controls/ControlRig_Diamond_1mm.uexp" 562
"../../../Engine/Plugins/Animation/ControlRig/Content/Controls/ControlRig_Circle_solid.ubulk" 563
"../../../Engine/Plugins/Animation/ControlRig/Content/Controls/ControlRig_Circle_solid.uasset" 564
"../../../Engine/Plugins/Animation/ControlRig/Content/Controls/ControlRig_Circle_solid.uexp" 565
"../../../Engine/Plugins/Animation/ControlRig/Content/Controls/ControlRig_Circle_3mm.ubulk" 566
"../../../Engine/Plugins/Animation/ControlRig/Content/Controls/ControlRig_Circle_3mm.uasset" 567
"../../../Engine/Plugins/Animation/ControlRig/Content/Controls/ControlRig_Circle_3mm.uexp" 568
"../../../Engine/Plugins/Animation/ControlRig/Content/Controls/ControlRig_Circle_1mm.ubulk" 569
"../../../Engine/Plugins/Animation/ControlRig/Content/Controls/ControlRig_Circle_1mm.uasset" 570
"../../../Engine/Plugins/Animation/ControlRig/Content/Controls/ControlRig_Circle_1mm.uexp" 571
"../../../Engine/Plugins/Animation/ControlRig/Content/Controls/ControlRig_Box_solid.ubulk" 572
"../../../Engine/Plugins/Animation/ControlRig/Content/Controls/ControlRig_Box_solid.uasset" 573
"../../../Engine/Plugins/Animation/ControlRig/Content/Controls/ControlRig_Box_solid.uexp" 574
"../../../Engine/Plugins/Animation/ControlRig/Content/Controls/ControlRig_Box_3mm.ubulk" 575
"../../../Engine/Plugins/Animation/ControlRig/Content/Controls/ControlRig_Box_3mm.uasset" 576
"../../../Engine/Plugins/Animation/ControlRig/Content/Controls/ControlRig_Box_3mm.uexp" 577
"../../../Engine/Plugins/Animation/ControlRig/Content/Controls/ControlRig_Box_1mm.ubulk" 578
"../../../Engine/Plugins/Animation/ControlRig/Content/Controls/ControlRig_Box_1mm.uasset" 579
"../../../Engine/Plugins/Animation/ControlRig/Content/Controls/ControlRig_Box_1mm.uexp" 580
"../../../Engine/Plugins/Animation/ControlRig/Content/Controls/ControlRig_Arrow_solid.ubulk" 581
"../../../Engine/Plugins/Animation/ControlRig/Content/Controls/ControlRig_Arrow_solid.uasset" 582
"../../../Engine/Plugins/Animation/ControlRig/Content/Controls/ControlRig_Arrow_solid.uexp" 583
"../../../Engine/Plugins/Animation/ControlRig/Content/Controls/ControlRig_Arrow_3mm.ubulk" 584
"../../../Engine/Plugins/Animation/ControlRig/Content/Controls/ControlRig_Arrow_3mm.uasset" 585
"../../../Engine/Plugins/Animation/ControlRig/Content/Controls/ControlRig_Arrow_3mm.uexp" 586
"../../../Engine/Plugins/Animation/ControlRig/Content/Controls/ControlRig_Arrow_1mm.ubulk" 587
"../../../Engine/Plugins/Animation/ControlRig/Content/Controls/ControlRig_Arrow_1mm.uasset" 588
"../../../Engine/Plugins/Animation/ControlRig/Content/Controls/ControlRig_Arrow_1mm.uexp" 589
"../../../Engine/Plugins/Animation/ControlRig/Content/Controls/ControlRig_Arrow4_solid.ubulk" 590
"../../../Engine/Plugins/Animation/ControlRig/Content/Controls/ControlRig_Arrow4_solid.uasset" 591
"../../../Engine/Plugins/Animation/ControlRig/Content/Controls/ControlRig_Arrow4_solid.uexp" 592
"../../../Engine/Plugins/Animation/ControlRig/Content/Controls/ControlRig_Arrow4_3mm.ubulk" 593
"../../../Engine/Plugins/Animation/ControlRig/Content/Controls/ControlRig_Arrow4_3mm.uasset" 594
"../../../Engine/Plugins/Animation/ControlRig/Content/Controls/ControlRig_Arrow4_3mm.uexp" 595
"../../../Engine/Plugins/Animation/ControlRig/Content/Controls/ControlRig_Arrow4_1mm.ubulk" 596
"../../../Engine/Plugins/Animation/ControlRig/Content/Controls/ControlRig_Arrow4_1mm.uasset" 597
"../../../Engine/Plugins/Animation/ControlRig/Content/Controls/ControlRig_Arrow4_1mm.uexp" 598
"../../../Engine/Plugins/Animation/ControlRig/Content/Controls/ControlRig_Arrow2_solid.ubulk" 599
"../../../Engine/Plugins/Animation/ControlRig/Content/Controls/ControlRig_Arrow2_solid.uasset" 600
"../../../Engine/Plugins/Animation/ControlRig/Content/Controls/ControlRig_Arrow2_solid.uexp" 601
"../../../Engine/Plugins/Animation/ControlRig/Content/Controls/ControlRig_Arrow2_3mm.ubulk" 602
"../../../Engine/Plugins/Animation/ControlRig/Content/Controls/ControlRig_Arrow2_3mm.uasset" 603
"../../../Engine/Plugins/Animation/ControlRig/Content/Controls/ControlRig_Arrow2_3mm.uexp" 604
"../../../Engine/Plugins/Animation/ControlRig/Content/Controls/ControlRig_Arrow2_1mm.ubulk" 605
"../../../Engine/Plugins/Animation/ControlRig/Content/Controls/ControlRig_Arrow2_1mm.uasset" 606
"../../../Engine/Plugins/Animation/ControlRig/Content/Controls/ControlRig_Arrow2_1mm.uexp" 607
"../../../Engine/Plugins/Animation/ControlRig/Content/Controls/ControlRigXRayMaterial.uasset" 608
"../../../Engine/Plugins/Animation/ControlRig/Content/Controls/ControlRigXRayMaterial.uexp" 609
"../../../Engine/Plugins/Animation/ControlRig/Content/Controls/ControlRigGizmoMaterial.uasset" 610
"../../../Engine/Plugins/Animation/ControlRig/Content/Controls/ControlRigGizmoMaterial.uexp" 611
"../../../Engine/Plugins/Editor/SpeedTreeImporter/Content/SpeedTree9/game_wind_noise.ubulk" 612
"../../../Engine/Plugins/Editor/SpeedTreeImporter/Content/SpeedTree9/game_wind_noise.uasset" 613
"../../../Engine/Plugins/Editor/SpeedTreeImporter/Content/SpeedTree9/game_wind_noise.uexp" 614
"../../../Engine/Plugins/Editor/SpeedTreeImporter/Content/SpeedTree9/UnpackDirection.uasset" 615
"../../../Engine/Plugins/Editor/SpeedTreeImporter/Content/SpeedTree9/UnpackDirection.uexp" 616
"../../../Engine/Content/Functions/Engine_MaterialFunctions02/ObjectLocalBounds.uasset" 617
"../../../Engine/Content/Functions/Engine_MaterialFunctions02/ObjectLocalBounds.uexp" 618
"../../../Engine/Content/Functions/Engine_MaterialFunctions02/UVs/BoundingBoxBased_0-1_UVW.uasset" 619
"../../../Engine/Content/Functions/Engine_MaterialFunctions02/UVs/BoundingBoxBased_0-1_UVW.uexp" 620
"../../../Engine/Content/Functions/Engine_MaterialFunctions02/Utility/VectorLength.uasset" 621
"../../../Engine/Content/Functions/Engine_MaterialFunctions02/Utility/VectorLength.uexp" 622
"../../../Engine/Plugins/Editor/SpeedTreeImporter/Content/SpeedTree9/UnpackInteger3.uasset" 623
"../../../Engine/Plugins/Editor/SpeedTreeImporter/Content/SpeedTree9/UnpackInteger3.uexp" 624
"../../../Engine/Plugins/Editor/SpeedTreeImporter/Content/SpeedTree9/SpeedTreeCameraFacing.uasset" 625
"../../../Engine/Plugins/Editor/SpeedTreeImporter/Content/SpeedTree9/SpeedTreeCameraFacing.uexp" 626
"../../../Engine/Content/Functions/Engine_MaterialFunctions02/WorldPositionOffset/ObjectScale.uasset" 627
"../../../Engine/Content/Functions/Engine_MaterialFunctions02/WorldPositionOffset/ObjectScale.uexp" 628
"../../../Engine/Content/Functions/Engine_MaterialFunctions02/SafeNormalize.uasset" 629
"../../../Engine/Content/Functions/Engine_MaterialFunctions02/SafeNormalize.uexp" 630
"../../../Engine/Plugins/Editor/SpeedTreeImporter/Content/SpeedTree9/SpeedTreeWindMotion.uasset" 631
"../../../Engine/Plugins/Editor/SpeedTreeImporter/Content/SpeedTree9/SpeedTreeWindMotion.uexp" 632
"../../../Engine/Plugins/Editor/SpeedTreeImporter/Content/SpeedTree9/SpeedTreeBranchMotion.uasset" 633
"../../../Engine/Plugins/Editor/SpeedTreeImporter/Content/SpeedTree9/SpeedTreeBranchMotion.uexp" 634
"../../../Engine/Plugins/Editor/SpeedTreeImporter/Content/SpeedTree9/SpeedTreeWind.uasset" 635
"../../../Engine/Plugins/Editor/SpeedTreeImporter/Content/SpeedTree9/SpeedTreeWind.uexp" 636
"../../../Engine/Plugins/Editor/SpeedTreeImporter/Content/SpeedTree9/EmptyNormal.uasset" 637
"../../../Engine/Plugins/Editor/SpeedTreeImporter/Content/SpeedTree9/EmptyNormal.uexp" 638
"../../../Engine/Plugins/Editor/SpeedTreeImporter/Content/SpeedTree9/Empty.uasset" 639
"../../../Engine/Plugins/Editor/SpeedTreeImporter/Content/SpeedTree9/Empty.uexp" 640
"../../../Engine/Plugins/Editor/SpeedTreeImporter/Content/SpeedTree9/SpeedTreeMaster.uasset" 641
"../../../Engine/Plugins/Editor/SpeedTreeImporter/Content/SpeedTree9/SpeedTreeMaster.uexp" 642
"../../../Engine/Plugins/Editor/SpeedTreeImporter/Content/SpeedTree9/SpeedTreeBillboard.uasset" 643
"../../../Engine/Plugins/Editor/SpeedTreeImporter/Content/SpeedTree9/SpeedTreeBillboard.uexp" 644
"../../../Engine/Plugins/Editor/SpeedTreeImporter/Content/SpeedTree9/SpeedTreeBillboardMaster.uasset" 645
"../../../Engine/Plugins/Editor/SpeedTreeImporter/Content/SpeedTree9/SpeedTreeBillboardMaster.uexp" 646
"../../../Engine/Plugins/Interchange/Runtime/Content/Pipelines/DefaultSceneAssetsPipeline.uasset" 647
"../../../Engine/Plugins/Interchange/Runtime/Content/Pipelines/DefaultSceneAssetsPipeline.uexp" 648
"../../../Engine/Plugins/Interchange/Runtime/Content/Pipelines/DefaultTexturePipeline.uasset" 649
"../../../Engine/Plugins/Interchange/Runtime/Content/Pipelines/DefaultTexturePipeline.uexp" 650
"../../../Engine/Plugins/Interchange/Runtime/Content/Pipelines/DefaultSceneLevelPipeline.uasset" 651
"../../../Engine/Plugins/Interchange/Runtime/Content/Pipelines/DefaultSceneLevelPipeline.uexp" 652
"../../../Engine/Content/Functions/Engine_MaterialFunctions02/Texturing/CustomRotator.uasset" 653
"../../../Engine/Content/Functions/Engine_MaterialFunctions02/Texturing/CustomRotator.uexp" 654
"../../../Engine/Content/Functions/Engine_MaterialFunctions02/Texturing/ScreenAlignedPixelToPixelUVs.uasset" 655
"../../../Engine/Content/Functions/Engine_MaterialFunctions02/Texturing/ScreenAlignedPixelToPixelUVs.uexp" 656
"../../../Engine/Plugins/Interchange/Runtime/Content/Utilities/T_Bayer64_Grayscale_64px.uasset" 657
"../../../Engine/Plugins/Interchange/Runtime/Content/Utilities/T_Bayer64_Grayscale_64px.uexp" 658
"../../../Engine/Plugins/Interchange/Runtime/Content/gltf/MaterialFunctions/MF_Temporal_Blur.uasset" 659
"../../../Engine/Plugins/Interchange/Runtime/Content/gltf/MaterialFunctions/MF_Temporal_Blur.uexp" 660
"../../../Engine/Plugins/Interchange/Runtime/Content/gltf/MaterialFunctions/MF_Fresnel_DS.uasset" 661
"../../../Engine/Plugins/Interchange/Runtime/Content/gltf/MaterialFunctions/MF_Fresnel_DS.uexp" 662
"../../../Engine/Plugins/Interchange/Runtime/Content/Functions/MX_Transmission.uasset" 663
"../../../Engine/Plugins/Interchange/Runtime/Content/Functions/MX_Transmission.uexp" 664
"../../../Engine/Plugins/Interchange/Runtime/Content/Functions/MX_StandardSurface.uasset" 665
"../../../Engine/Plugins/Interchange/Runtime/Content/Functions/MX_StandardSurface.uexp" 666
"../../../Engine/Plugins/Interchange/Runtime/Content/Functions/MX_TransmissionSurface.uasset" 667
"../../../Engine/Plugins/Interchange/Runtime/Content/Functions/MX_TransmissionSurface.uexp" 668
"../../../Engine/Content/Functions/Engine_MaterialFunctions02/WorldPositionOffset/V2/ObjectScale.uasset" 669
"../../../Engine/Content/Functions/Engine_MaterialFunctions02/WorldPositionOffset/V2/ObjectScale.uexp" 670
"../../../Engine/Plugins/Interchange/Runtime/Content/gltf/MaterialFunctions/MF_TransmissionOpacity.uasset" 671
"../../../Engine/Plugins/Interchange/Runtime/Content/gltf/MaterialFunctions/MF_TransmissionOpacity.uexp" 672
"../../../Engine/Plugins/Interchange/Runtime/Content/gltf/MaterialFunctions/MF_Transmission.uasset" 673
"../../../Engine/Plugins/Interchange/Runtime/Content/gltf/MaterialFunctions/MF_Transmission.uexp" 674
"../../../Engine/Plugins/Interchange/Runtime/Content/gltf/M_Transmission.uasset" 675
"../../../Engine/Plugins/Interchange/Runtime/Content/gltf/M_Transmission.uexp" 676
"../../../Engine/Plugins/Interchange/Runtime/Content/gltf/MaterialInstances_MR/MI_Transmission_TS.uasset" 677
"../../../Engine/Plugins/Interchange/Runtime/Content/gltf/MaterialInstances_MR/MI_Transmission_TS.uexp" 678
"../../../Engine/Plugins/Interchange/Runtime/Content/gltf/MaterialInstances_MR/MI_Transmission.uasset" 679
"../../../Engine/Plugins/Interchange/Runtime/Content/gltf/MaterialInstances_MR/MI_Transmission.uexp" 680
"../../../Engine/Plugins/Interchange/Runtime/Content/gltf/M_Translucent.uasset" 681
"../../../Engine/Plugins/Interchange/Runtime/Content/gltf/M_Translucent.uexp" 682
"../../../Engine/Plugins/Interchange/Runtime/Content/gltf/MaterialInstances_MR/MI_Translucent_TS.uasset" 683
"../../../Engine/Plugins/Interchange/Runtime/Content/gltf/MaterialInstances_MR/MI_Translucent_TS.uexp" 684
"../../../Engine/Plugins/Interchange/Runtime/Content/gltf/MaterialInstances_MR/MI_Translucent_ClearCoat_TS.uasset" 685
"../../../Engine/Plugins/Interchange/Runtime/Content/gltf/MaterialInstances_MR/MI_Translucent_ClearCoat_TS.uexp" 686
"../../../Engine/Plugins/Interchange/Runtime/Content/gltf/MaterialInstances_MR/MI_Translucent_ClearCoat.uasset" 687
"../../../Engine/Plugins/Interchange/Runtime/Content/gltf/MaterialInstances_MR/MI_Translucent_ClearCoat.uexp" 688
"../../../Engine/Plugins/Interchange/Runtime/Content/gltf/MaterialInstances_MR/MI_Translucent.uasset" 689
"../../../Engine/Plugins/Interchange/Runtime/Content/gltf/MaterialInstances_MR/MI_Translucent.uexp" 690
"../../../Engine/Plugins/Interchange/Runtime/Content/gltf/M_Unlit.uasset" 691
"../../../Engine/Plugins/Interchange/Runtime/Content/gltf/M_Unlit.uexp" 692
"../../../Engine/Plugins/Interchange/Runtime/Content/gltf/MaterialInstances_MR/MI_Opaque_Unlit_TS.uasset" 693
"../../../Engine/Plugins/Interchange/Runtime/Content/gltf/MaterialInstances_MR/MI_Opaque_Unlit_TS.uexp" 694
"../../../Engine/Plugins/Interchange/Runtime/Content/gltf/MaterialInstances_MR/MI_Opaque_Unlit.uasset" 695
"../../../Engine/Plugins/Interchange/Runtime/Content/gltf/MaterialInstances_MR/MI_Opaque_Unlit.uexp" 696
"../../../Engine/Plugins/Interchange/Runtime/Content/gltf/MaterialInstances_MR/MI_Opaque_TS.uasset" 697
"../../../Engine/Plugins/Interchange/Runtime/Content/gltf/MaterialInstances_MR/MI_Opaque_TS.uexp" 698
"../../../Engine/Plugins/Interchange/Runtime/Content/gltf/MaterialFunctions/MF_Sheen.uasset" 699
"../../../Engine/Plugins/Interchange/Runtime/Content/gltf/MaterialFunctions/MF_Sheen.uexp" 700
"../../../Engine/Content/Functions/Engine_MaterialFunctions01/Shading/FuzzyShading.uasset" 701
"../../../Engine/Content/Functions/Engine_MaterialFunctions01/Shading/FuzzyShading.uexp" 702
"../../../Engine/Plugins/Interchange/Runtime/Content/gltf/M_Sheen.uasset" 703
"../../../Engine/Plugins/Interchange/Runtime/Content/gltf/M_Sheen.uexp" 704
"../../../Engine/Plugins/Interchange/Runtime/Content/gltf/MaterialInstances_MR/MI_Opaque_Sheen_TS.uasset" 705
"../../../Engine/Plugins/Interchange/Runtime/Content/gltf/MaterialInstances_MR/MI_Opaque_Sheen_TS.uexp" 706
"../../../Engine/Plugins/Interchange/Runtime/Content/gltf/MaterialInstances_MR/MI_Opaque_Sheen.uasset" 707
"../../../Engine/Plugins/Interchange/Runtime/Content/gltf/MaterialInstances_MR/MI_Opaque_Sheen.uexp" 708
"../../../Engine/Plugins/Interchange/Runtime/Content/gltf/MaterialInstances_MR/MI_Opaque_ClearCoat_TS.uasset" 709
"../../../Engine/Plugins/Interchange/Runtime/Content/gltf/MaterialInstances_MR/MI_Opaque_ClearCoat_TS.uexp" 710
"../../../Engine/Plugins/Interchange/Runtime/Content/gltf/MaterialInstances_MR/MI_Opaque_ClearCoat.uasset" 711
"../../../Engine/Plugins/Interchange/Runtime/Content/gltf/MaterialInstances_MR/MI_Opaque_ClearCoat.uexp" 712
"../../../Engine/Plugins/Interchange/Runtime/Content/gltf/MaterialInstances_MR/MI_Opaque.uasset" 713
"../../../Engine/Plugins/Interchange/Runtime/Content/gltf/MaterialInstances_MR/MI_Opaque.uexp" 714
"../../../Engine/Plugins/Interchange/Runtime/Content/gltf/MaterialInstances_SG/MI_Transmission_TS.uasset" 715
"../../../Engine/Plugins/Interchange/Runtime/Content/gltf/MaterialInstances_SG/MI_Transmission_TS.uexp" 716
"../../../Engine/Plugins/Interchange/Runtime/Content/gltf/MaterialInstances_SG/MI_Transmission.uasset" 717
"../../../Engine/Plugins/Interchange/Runtime/Content/gltf/MaterialInstances_SG/MI_Transmission.uexp" 718
"../../../Engine/Plugins/Interchange/Runtime/Content/gltf/MaterialInstances_SG/MI_Translucent_TS.uasset" 719
"../../../Engine/Plugins/Interchange/Runtime/Content/gltf/MaterialInstances_SG/MI_Translucent_TS.uexp" 720
"../../../Engine/Plugins/Interchange/Runtime/Content/gltf/MaterialInstances_SG/MI_Translucent_ClearCoat_TS.uasset" 721
"../../../Engine/Plugins/Interchange/Runtime/Content/gltf/MaterialInstances_SG/MI_Translucent_ClearCoat_TS.uexp" 722
"../../../Engine/Plugins/Interchange/Runtime/Content/gltf/MaterialInstances_SG/MI_Translucent_ClearCoat.uasset" 723
"../../../Engine/Plugins/Interchange/Runtime/Content/gltf/MaterialInstances_SG/MI_Translucent_ClearCoat.uexp" 724
"../../../Engine/Plugins/Interchange/Runtime/Content/gltf/MaterialInstances_SG/MI_Translucent.uasset" 725
"../../../Engine/Plugins/Interchange/Runtime/Content/gltf/MaterialInstances_SG/MI_Translucent.uexp" 726
"../../../Engine/Plugins/Interchange/Runtime/Content/gltf/MaterialInstances_SG/MI_Opaque_TS.uasset" 727
"../../../Engine/Plugins/Interchange/Runtime/Content/gltf/MaterialInstances_SG/MI_Opaque_TS.uexp" 728
"../../../Engine/Plugins/Interchange/Runtime/Content/gltf/MaterialInstances_SG/MI_Opaque_Sheen_TS.uasset" 729
"../../../Engine/Plugins/Interchange/Runtime/Content/gltf/MaterialInstances_SG/MI_Opaque_Sheen_TS.uexp" 730
"../../../Engine/Plugins/Interchange/Runtime/Content/gltf/MaterialInstances_SG/MI_Opaque_Sheen.uasset" 731
"../../../Engine/Plugins/Interchange/Runtime/Content/gltf/MaterialInstances_SG/MI_Opaque_Sheen.uexp" 732
"../../../Engine/Plugins/Interchange/Runtime/Content/gltf/MaterialInstances_SG/MI_Opaque_ClearCoat_TS.uasset" 733
"../../../Engine/Plugins/Interchange/Runtime/Content/gltf/MaterialInstances_SG/MI_Opaque_ClearCoat_TS.uexp" 734
"../../../Engine/Plugins/Interchange/Runtime/Content/gltf/MaterialInstances_SG/MI_Opaque_ClearCoat.uasset" 735
"../../../Engine/Plugins/Interchange/Runtime/Content/gltf/MaterialInstances_SG/MI_Opaque_ClearCoat.uexp" 736
"E:/Games/Test_1/Content/Widgets/WB_JoinSession.uasset" 737
"E:/Games/Test_1/Content/Widgets/WB_JoinSession.uexp" 738
"../../../Engine/Content/EditorBlueprintResources/StandardMacros.uasset" 739
"../../../Engine/Content/EditorBlueprintResources/StandardMacros.uexp" 740
"E:/Games/Test_1/Content/Widgets/WB_FindSession.uasset" 741
"E:/Games/Test_1/Content/Widgets/WB_FindSession.uexp" 742
"E:/Games/Test_1/Content/Widgets/WB_CreateSession.uasset" 743
"E:/Games/Test_1/Content/Widgets/WB_CreateSession.uexp" 744
"E:/Games/Test_1/Content/Widgets/WB_MainMenu.uasset" 745
"E:/Games/Test_1/Content/Widgets/WB_MainMenu.uexp" 746
"E:/Games/Test_1/Content/BP/BP_PC_MainMenu.uasset" 747
"E:/Games/Test_1/Content/BP/BP_PC_MainMenu.uexp" 748
"E:/Games/Test_1/Content/BP/BP_GM_MainMenu.uasset" 749
"E:/Games/Test_1/Content/BP/BP_GM_MainMenu.uexp" 750
"E:/Games/Test_1/Content/Maps/MainMenu.uexp" 751
"E:/Games/Test_1/Content/Maps/MainMenu.umap" 752
"E:/Games/Test_1/Content/Widgets/WB_GameSht.uasset" 753
"E:/Games/Test_1/Content/Widgets/WB_GameSht.uexp" 754
"E:/Games/Test_1/Content/BP/WeaponSystem/BP_HealthComponent.uasset" 755
"E:/Games/Test_1/Content/BP/WeaponSystem/BP_HealthComponent.uexp" 756
"E:/Games/Test_1/Content/ThirdPerson/Input/Actions/IA_RightClick.uasset" 757
"E:/Games/Test_1/Content/ThirdPerson/Input/Actions/IA_RightClick.uexp" 758
"E:/Games/Test_1/Content/BP/Strategy/BPI_UnitSelector.uasset" 759
"E:/Games/Test_1/Content/BP/Strategy/BPI_UnitSelector.uexp" 760
"E:/Games/Test_1/Content/ThirdPerson/Input/Actions/IA_LeftClick.uasset" 761
"E:/Games/Test_1/Content/ThirdPerson/Input/Actions/IA_LeftClick.uexp" 762
"../../../Engine/Content/BasicShapes/Sphere.ubulk" 763
"../../../Engine/Content/BasicShapes/Sphere.uasset" 764
"../../../Engine/Content/BasicShapes/Sphere.uexp" 765
"../../../Engine/Content/BasicShapes/BasicShapeMaterial.uasset" 766
"../../../Engine/Content/BasicShapes/BasicShapeMaterial.uexp" 767
"E:/Games/Test_1/Content/BP/Strategy/BPI_MouseLocationHit.uasset" 768
"E:/Games/Test_1/Content/BP/Strategy/BPI_MouseLocationHit.uexp" 769
"E:/Games/Test_1/Content/BP/Strategy/BP_UnitSelectionMarquee.uasset" 770
"E:/Games/Test_1/Content/BP/Strategy/BP_UnitSelectionMarquee.uexp" 771
"../../../Engine/Content/BasicShapes/Cube.ubulk" 772
"../../../Engine/Content/BasicShapes/Cube.uasset" 773
"../../../Engine/Content/BasicShapes/Cube.uexp" 774
"E:/Games/Test_1/Content/BP/Strategy/BBD_AI_Bot.uasset" 775
"E:/Games/Test_1/Content/BP/Strategy/BBD_AI_Bot.uexp" 776
"E:/Games/Test_1/Content/BP/Strategy/Tasks/BTTask_Move_To.uasset" 777
"E:/Games/Test_1/Content/BP/Strategy/Tasks/BTTask_Move_To.uexp" 778
"E:/Games/Test_1/Content/BP/Strategy/Tasks/BTTask_Chase_Player.uasset" 779
"E:/Games/Test_1/Content/BP/Strategy/Tasks/BTTask_Chase_Player.uexp" 780
"E:/Games/Test_1/Content/BP/Strategy/Tasks/BTTask_Move_To_Random.uasset" 781
"E:/Games/Test_1/Content/BP/Strategy/Tasks/BTTask_Move_To_Random.uexp" 782
"E:/Games/Test_1/Content/BP/Strategy/Tasks/EnvQuery_AvoidObstacles.uasset" 783
"E:/Games/Test_1/Content/BP/Strategy/Tasks/EnvQuery_AvoidObstacles.uexp" 784
"E:/Games/Test_1/Content/BP/Strategy/Tasks/BTTask_ChangeMovementSpeed.uasset" 785
"E:/Games/Test_1/Content/BP/Strategy/Tasks/BTTask_ChangeMovementSpeed.uexp" 786
"E:/Games/Test_1/Content/BP/Strategy/BI_AI_Bot.uasset" 787
"E:/Games/Test_1/Content/BP/Strategy/BI_AI_Bot.uexp" 788
"E:/Games/Test_1/Content/BP/Strategy/BP_AI_Bot.uasset" 789
"E:/Games/Test_1/Content/BP/Strategy/BP_AI_Bot.uexp" 790
"E:/Games/Test_1/Content/Material/M_OverlayForUnit.uasset" 791
"E:/Games/Test_1/Content/Material/M_OverlayForUnit.uexp" 792
"E:/Games/Test_1/Content/Material/M_OverlayForSelectUnit_Inst.uasset" 793
"E:/Games/Test_1/Content/Material/M_OverlayForSelectUnit_Inst.uexp" 794
"E:/Games/Test_1/Content/BP/Strategy/BP_UnitComponent.uasset" 795
"E:/Games/Test_1/Content/BP/Strategy/BP_UnitComponent.uexp" 796
"E:/Games/Test_1/Content/Characters/Mannequins/Rigs/PA_MannequinEnemySimple.uasset" 797
"E:/Games/Test_1/Content/Characters/Mannequins/Rigs/PA_MannequinEnemySimple.uexp" 798
"E:/Games/Test_1/Content/Characters/Mannequins/Meshes/SK_Mannequin.uasset" 799
"E:/Games/Test_1/Content/Characters/Mannequins/Meshes/SK_Mannequin.uexp" 800
"E:/Games/Test_1/Content/Characters/Mannequins/Textures/Quinn/T_Quinn_02ID_MSR_MSK.ubulk" 801
"E:/Games/Test_1/Content/Characters/Mannequins/Textures/Quinn/T_Quinn_02ID_MSR_MSK.uasset" 802
"E:/Games/Test_1/Content/Characters/Mannequins/Textures/Quinn/T_Quinn_02ID_MSR_MSK.uexp" 803
"E:/Games/Test_1/Content/Characters/Mannequins/Textures/Quinn/T_Quinn_02ID_BN.ubulk" 804
"E:/Games/Test_1/Content/Characters/Mannequins/Textures/Quinn/T_Quinn_02ID_BN.uasset" 805
"E:/Games/Test_1/Content/Characters/Mannequins/Textures/Quinn/T_Quinn_02ID_BN.uexp" 806
"E:/Games/Test_1/Content/Characters/Mannequins/Textures/Quinn/T_Quinn_02_ASAOMASK_MSK.ubulk" 807
"E:/Games/Test_1/Content/Characters/Mannequins/Textures/Quinn/T_Quinn_02_ASAOMASK_MSK.uasset" 808
"E:/Games/Test_1/Content/Characters/Mannequins/Textures/Quinn/T_Quinn_02_ASAOMASK_MSK.uexp" 809
"E:/Games/Test_1/Content/Characters/Mannequins/Textures/Quinn/T_Quinn_02_CCRCCPlastic_MSK.ubulk" 810
"E:/Games/Test_1/Content/Characters/Mannequins/Textures/Quinn/T_Quinn_02_CCRCCPlastic_MSK.uasset" 811
"E:/Games/Test_1/Content/Characters/Mannequins/Textures/Quinn/T_Quinn_02_CCRCCPlastic_MSK.uexp" 812
"E:/Games/Test_1/Content/Characters/Mannequins/Textures/Quinn/T_Quinn_02ID_Tan.ubulk" 813
"E:/Games/Test_1/Content/Characters/Mannequins/Textures/Quinn/T_Quinn_02ID_Tan.uasset" 814
"E:/Games/Test_1/Content/Characters/Mannequins/Textures/Quinn/T_Quinn_02ID_Tan.uexp" 815
"E:/Games/Test_1/Content/Characters/Mannequins/Textures/Quinn/T_Quinn_02ID_D.ubulk" 816
"E:/Games/Test_1/Content/Characters/Mannequins/Textures/Quinn/T_Quinn_02ID_D.uasset" 817
"E:/Games/Test_1/Content/Characters/Mannequins/Textures/Quinn/T_Quinn_02ID_D.uexp" 818
"E:/Games/Test_1/Content/Characters/Mannequins/Textures/Quinn/T_Quinn_01ID_MSR_MSK.ubulk" 819
"E:/Games/Test_1/Content/Characters/Mannequins/Textures/Quinn/T_Quinn_01ID_MSR_MSK.uasset" 820
"E:/Games/Test_1/Content/Characters/Mannequins/Textures/Quinn/T_Quinn_01ID_MSR_MSK.uexp" 821
"E:/Games/Test_1/Content/Characters/Mannequins/Materials/Functions/ChromaticCurve.uasset" 822
"E:/Games/Test_1/Content/Characters/Mannequins/Materials/Functions/ChromaticCurve.uexp" 823
"E:/Games/Test_1/Content/Characters/Mannequins/Materials/Functions/CA_Mannequin.uasset" 824
"E:/Games/Test_1/Content/Characters/Mannequins/Materials/Functions/CA_Mannequin.uexp" 825
"E:/Games/Test_1/Content/Characters/Mannequins/Materials/Functions/MF_Diffraction.uasset" 826
"E:/Games/Test_1/Content/Characters/Mannequins/Materials/Functions/MF_Diffraction.uexp" 827
"E:/Games/Test_1/Content/Characters/Mannequins/Textures/Manny/T_Manny_01_N.ubulk" 828
"E:/Games/Test_1/Content/Characters/Mannequins/Textures/Manny/T_Manny_01_N.uasset" 829
"E:/Games/Test_1/Content/Characters/Mannequins/Textures/Manny/T_Manny_01_N.uexp" 830
"E:/Games/Test_1/Content/Characters/Mannequins/Materials/Functions/ML_BaseColorFallOff.uasset" 831
"E:/Games/Test_1/Content/Characters/Mannequins/Materials/Functions/ML_BaseColorFallOff.uexp" 832
"../../../Engine/Content/Functions/Engine_MaterialFunctions01/Texturing/ScaleUVsByCenter.uasset" 833
"../../../Engine/Content/Functions/Engine_MaterialFunctions01/Texturing/ScaleUVsByCenter.uexp" 834
"E:/Games/Test_1/Content/Characters/Mannequins/Textures/Shared/T_UE_Logo_M.uasset" 835
"E:/Games/Test_1/Content/Characters/Mannequins/Textures/Shared/T_UE_Logo_M.uexp" 836
"E:/Games/Test_1/Content/Characters/Mannequins/Materials/Functions/MF_logo3layers.uasset" 837
"E:/Games/Test_1/Content/Characters/Mannequins/Materials/Functions/MF_logo3layers.uexp" 838
"E:/Games/Test_1/Content/Characters/Mannequins/Textures/Manny/T_Manny_01_CCRCCPlastic_MSK.ubulk" 839
"E:/Games/Test_1/Content/Characters/Mannequins/Textures/Manny/T_Manny_01_CCRCCPlastic_MSK.uasset" 840
"E:/Games/Test_1/Content/Characters/Mannequins/Textures/Manny/T_Manny_01_CCRCCPlastic_MSK.uexp" 841
"E:/Games/Test_1/Content/Characters/Mannequins/Textures/Manny/T_Manny_01_ASAOPMASK_MSK.ubulk" 842
"E:/Games/Test_1/Content/Characters/Mannequins/Textures/Manny/T_Manny_01_ASAOPMASK_MSK.uasset" 843
"E:/Games/Test_1/Content/Characters/Mannequins/Textures/Manny/T_Manny_01_ASAOPMASK_MSK.uexp" 844
"E:/Games/Test_1/Content/Characters/Mannequins/Textures/Manny/T_Manny_01_MSR_MSK.ubulk" 845
"E:/Games/Test_1/Content/Characters/Mannequins/Textures/Manny/T_Manny_01_MSR_MSK.uasset" 846
"E:/Games/Test_1/Content/Characters/Mannequins/Textures/Manny/T_Manny_01_MSR_MSK.uexp" 847
"E:/Games/Test_1/Content/Characters/Mannequins/Textures/Manny/T_Manny_01_BN.ubulk" 848
"E:/Games/Test_1/Content/Characters/Mannequins/Textures/Manny/T_Manny_01_BN.uasset" 849
"E:/Games/Test_1/Content/Characters/Mannequins/Textures/Manny/T_Manny_01_BN.uexp" 850
"E:/Games/Test_1/Content/Characters/Mannequins/Textures/Manny/T_Manny_01_D.ubulk" 851
"E:/Games/Test_1/Content/Characters/Mannequins/Textures/Manny/T_Manny_01_D.uasset" 852
"E:/Games/Test_1/Content/Characters/Mannequins/Textures/Manny/T_Manny_01_D.uexp" 853
"E:/Games/Test_1/Content/Characters/Mannequins/Textures/Manny/T_Manny_01_Tan.ubulk" 854
"E:/Games/Test_1/Content/Characters/Mannequins/Textures/Manny/T_Manny_01_Tan.uasset" 855
"E:/Games/Test_1/Content/Characters/Mannequins/Textures/Manny/T_Manny_01_Tan.uexp" 856
"E:/Games/Test_1/Content/Characters/Mannequins/Materials/M_Mannequin.uasset" 857
"E:/Games/Test_1/Content/Characters/Mannequins/Materials/M_Mannequin.uexp" 858
"E:/Games/Test_1/Content/Characters/Mannequins/Textures/Quinn/T_Quinn_01_ASAOMASK_MSK.ubulk" 859
"E:/Games/Test_1/Content/Characters/Mannequins/Textures/Quinn/T_Quinn_01_ASAOMASK_MSK.uasset" 860
"E:/Games/Test_1/Content/Characters/Mannequins/Textures/Quinn/T_Quinn_01_ASAOMASK_MSK.uexp" 861
"E:/Games/Test_1/Content/Characters/Mannequins/Textures/Quinn/T_Quinn_01ID_N.ubulk" 862
"E:/Games/Test_1/Content/Characters/Mannequins/Textures/Quinn/T_Quinn_01ID_N.uasset" 863
"E:/Games/Test_1/Content/Characters/Mannequins/Textures/Quinn/T_Quinn_01ID_N.uexp" 864
"E:/Games/Test_1/Content/Characters/Mannequins/Textures/Quinn/T_Quinn_01ID_BN.ubulk" 865
"E:/Games/Test_1/Content/Characters/Mannequins/Textures/Quinn/T_Quinn_01ID_BN.uasset" 866
"E:/Games/Test_1/Content/Characters/Mannequins/Textures/Quinn/T_Quinn_01ID_BN.uexp" 867
"E:/Games/Test_1/Content/Characters/Mannequins/Textures/Quinn/T_Quinn_01ID_D.ubulk" 868
"E:/Games/Test_1/Content/Characters/Mannequins/Textures/Quinn/T_Quinn_01ID_D.uasset" 869
"E:/Games/Test_1/Content/Characters/Mannequins/Textures/Quinn/T_Quinn_01ID_D.uexp" 870
"E:/Games/Test_1/Content/Characters/Mannequins/Textures/Quinn/T_Quinn_01ID_Tan.ubulk" 871
"E:/Games/Test_1/Content/Characters/Mannequins/Textures/Quinn/T_Quinn_01ID_Tan.uasset" 872
"E:/Games/Test_1/Content/Characters/Mannequins/Textures/Quinn/T_Quinn_01ID_Tan.uexp" 873
"E:/Games/Test_1/Content/Characters/Mannequins/Textures/Quinn/T_Quinn_01_CCRCCPlastic_MSK.ubulk" 874
"E:/Games/Test_1/Content/Characters/Mannequins/Textures/Quinn/T_Quinn_01_CCRCCPlastic_MSK.uasset" 875
"E:/Games/Test_1/Content/Characters/Mannequins/Textures/Quinn/T_Quinn_01_CCRCCPlastic_MSK.uexp" 876
"E:/Games/Test_1/Content/Characters/Mannequins/Materials/Instances/Quinn/MI_Quinn_01.uasset" 877
"E:/Games/Test_1/Content/Characters/Mannequins/Materials/Instances/Quinn/MI_Quinn_01.uexp" 878
"E:/Games/Test_1/Content/Characters/Mannequins/Textures/Quinn/T_Quinn_02ID_N.ubulk" 879
"E:/Games/Test_1/Content/Characters/Mannequins/Textures/Quinn/T_Quinn_02ID_N.uasset" 880
"E:/Games/Test_1/Content/Characters/Mannequins/Textures/Quinn/T_Quinn_02ID_N.uexp" 881
"E:/Games/Test_1/Content/Characters/Mannequins/Materials/Instances/Quinn/MI_Quinn_02.uasset" 882
"E:/Games/Test_1/Content/Characters/Mannequins/Materials/Instances/Quinn/MI_Quinn_02.uexp" 883
"E:/Games/Test_1/Content/Characters/Mannequins/Meshes/SKM_Quinn_SimpleEnemy.uasset" 884
"E:/Games/Test_1/Content/Characters/Mannequins/Meshes/SKM_Quinn_SimpleEnemy.uexp" 885
"../../../Engine/Content/Animation/DefaultAnimCurveCompressionSettings.uasset" 886
"../../../Engine/Content/Animation/DefaultAnimCurveCompressionSettings.uexp" 887
"../../../Engine/Content/Animation/DefaultAnimBoneCompressionSettings.uasset" 888
"../../../Engine/Content/Animation/DefaultAnimBoneCompressionSettings.uexp" 889
"E:/Games/Test_1/Content/Characters/Mannequins/Animations/Quinn/MF_Run_Fwd.uasset" 890
"E:/Games/Test_1/Content/Characters/Mannequins/Animations/Quinn/MF_Run_Fwd.uexp" 891
"E:/Games/Test_1/Content/Characters/Mannequins/Animations/Quinn/MF_Walk_Fwd.uasset" 892
"E:/Games/Test_1/Content/Characters/Mannequins/Animations/Quinn/MF_Walk_Fwd.uexp" 893
"../../../Engine/Content/Animation/DefaultRecorderBoneCompression.uasset" 894
"../../../Engine/Content/Animation/DefaultRecorderBoneCompression.uexp" 895
"E:/Games/Test_1/Content/Characters/Mannequins/Animations/Manny/MM_Walk_InPlace.uasset" 896
"E:/Games/Test_1/Content/Characters/Mannequins/Animations/Manny/MM_Walk_InPlace.uexp" 897
"E:/Games/Test_1/Content/Characters/Mannequins/Animations/Quinn/BS_MF_Unarmed_WalkRun.uasset" 898
"E:/Games/Test_1/Content/Characters/Mannequins/Animations/Quinn/BS_MF_Unarmed_WalkRun.uexp" 899
"E:/Games/Test_1/Content/Characters/Mannequins/Animations/Quinn/MF_Idle.uasset" 900
"E:/Games/Test_1/Content/Characters/Mannequins/Animations/Quinn/MF_Idle.uexp" 901
"E:/Games/Test_1/Content/Characters/Mannequins/Animations/Manny/MM_Fall_Loop.uasset" 902
"E:/Games/Test_1/Content/Characters/Mannequins/Animations/Manny/MM_Fall_Loop.uexp" 903
"E:/Games/Test_1/Content/Characters/Mannequins/Animations/Manny/MM_Jump.uasset" 904
"E:/Games/Test_1/Content/Characters/Mannequins/Animations/Manny/MM_Jump.uexp" 905
"../../../Engine/Plugins/Animation/ControlRig/Content/Controls/DefaultGizmoLibrary.uasset" 906
"../../../Engine/Plugins/Animation/ControlRig/Content/Controls/DefaultGizmoLibrary.uexp" 907
"E:/Games/Test_1/Content/Characters/Mannequins/Rigs/CR_Mannequin_BasicFootIK.uasset" 908
"E:/Games/Test_1/Content/Characters/Mannequins/Rigs/CR_Mannequin_BasicFootIK.uexp" 909
"E:/Games/Test_1/Content/Characters/Mannequins/Animations/Manny/MM_Run_Fwd.uasset" 910
"E:/Games/Test_1/Content/Characters/Mannequins/Animations/Manny/MM_Run_Fwd.uexp" 911
"E:/Games/Test_1/Content/Characters/Mannequins/Animations/Manny/MM_Walk_Fwd.uasset" 912
"E:/Games/Test_1/Content/Characters/Mannequins/Animations/Manny/MM_Walk_Fwd.uexp" 913
"E:/Games/Test_1/Content/Characters/Mannequins/Animations/Manny/BS_MM_WalkRun.uasset" 914
"E:/Games/Test_1/Content/Characters/Mannequins/Animations/Manny/BS_MM_WalkRun.uexp" 915
"E:/Games/Test_1/Content/Characters/Mannequins/Animations/Manny/MM_Land.uasset" 916
"E:/Games/Test_1/Content/Characters/Mannequins/Animations/Manny/MM_Land.uexp" 917
"E:/Games/Test_1/Content/Characters/Mannequins/Animations/Manny/MM_Idle.uasset" 918
"E:/Games/Test_1/Content/Characters/Mannequins/Animations/Manny/MM_Idle.uexp" 919
"E:/Games/Test_1/Content/Characters/Mannequins/Animations/ABP_Manny.uasset" 920
"E:/Games/Test_1/Content/Characters/Mannequins/Animations/ABP_Manny.uexp" 921
"E:/Games/Test_1/Content/Characters/Mannequins/Animations/ABP_Quinn.uasset" 922
"E:/Games/Test_1/Content/Characters/Mannequins/Animations/ABP_Quinn.uexp" 923
"../../../Engine/Content/EditorBlueprintResources/ActorMacros.uasset" 924
"../../../Engine/Content/EditorBlueprintResources/ActorMacros.uexp" 925
"E:/Games/Test_1/Content/Enemy/BP_ThirdPerson_Enemy.uasset" 926
"E:/Games/Test_1/Content/Enemy/BP_ThirdPerson_Enemy.uexp" 927
"E:/Games/Test_1/Content/ThirdPerson/Input/Actions/IA_Jump.uasset" 928
"E:/Games/Test_1/Content/ThirdPerson/Input/Actions/IA_Jump.uexp" 929
"E:/Games/Test_1/Content/ThirdPerson/Input/Actions/IA_Look.uasset" 930
"E:/Games/Test_1/Content/ThirdPerson/Input/Actions/IA_Look.uexp" 931
"E:/Games/Test_1/Content/ThirdPerson/Input/Actions/IA_Move.uasset" 932
"E:/Games/Test_1/Content/ThirdPerson/Input/Actions/IA_Move.uexp" 933
"E:/Games/Test_1/Content/ThirdPerson/Input/IMC_Default.uasset" 934
"E:/Games/Test_1/Content/ThirdPerson/Input/IMC_Default.uexp" 935
"E:/Games/Test_1/Content/BP/BP_StrPawn_2.uasset" 936
"E:/Games/Test_1/Content/BP/BP_StrPawn_2.uexp" 937
"E:/Games/Test_1/Content/BP/BP_ShootAndStr_GameMode.uasset" 938
"E:/Games/Test_1/Content/BP/BP_ShootAndStr_GameMode.uexp" 939
"E:/Games/Test_1/Content/Widgets/WB_SpawnInStr.uasset" 940
"E:/Games/Test_1/Content/Widgets/WB_SpawnInStr.uexp" 941
"E:/Games/Test_1/Content/Trash/BP_Bot.uasset" 942
"E:/Games/Test_1/Content/Trash/BP_Bot.uexp" 943
"E:/Games/Test_1/Content/BP/BP_PlayerControllerMain.uasset" 944
"E:/Games/Test_1/Content/BP/BP_PlayerControllerMain.uexp" 945
"E:/Games/Test_1/Content/Characters/Mannequins/Rigs/PA_MannequinEnemy.uasset" 946
"E:/Games/Test_1/Content/Characters/Mannequins/Rigs/PA_MannequinEnemy.uexp" 947
"E:/Games/Test_1/Content/Characters/Mannequins/Meshes/SKM_Quinn_Simple.uasset" 948
"E:/Games/Test_1/Content/Characters/Mannequins/Meshes/SKM_Quinn_Simple.uexp" 949
"E:/Games/Test_1/Content/BP/WeaponSystem/EWeapon_Type.uasset" 950
"E:/Games/Test_1/Content/BP/WeaponSystem/EWeapon_Type.uexp" 951
"E:/Games/Test_1/Content/BP/WeaponSystem/EShooting_Type.uasset" 952
"E:/Games/Test_1/Content/BP/WeaponSystem/EShooting_Type.uexp" 953
"E:/Games/Test_1/Content/BP/WeaponSystem/BP_Weapon.uasset" 954
"E:/Games/Test_1/Content/BP/WeaponSystem/BP_Weapon.uexp" 955
"E:/Games/Test_1/Content/BP/WeaponSystem/BP_WeaponComponent.uasset" 956
"E:/Games/Test_1/Content/BP/WeaponSystem/BP_WeaponComponent.uexp" 957
"E:/Games/Test_1/Content/Assets/Weapons/BP_Rifle_1.uasset" 958
"E:/Games/Test_1/Content/Assets/Weapons/BP_Rifle_1.uexp" 959
"E:/Games/Test_1/Content/ThirdPerson/Blueprints/BP_ThirdPersonCharacter.uasset" 960
"E:/Games/Test_1/Content/ThirdPerson/Blueprints/BP_ThirdPersonCharacter.uexp" 961
"../../../Engine/Content/EngineMaterials/BlendFunc_DefBlend.uasset" 962
"../../../Engine/Content/EngineMaterials/BlendFunc_DefBlend.uexp" 963
"../../../Engine/Content/EngineMaterials/BlendFunc_DefBase.uasset" 964
"../../../Engine/Content/EngineMaterials/BlendFunc_DefBase.uexp" 965
"../../../Engine/Content/Functions/Engine_MaterialFunctions03/Blends/Blend_Overlay.uasset" 966
"../../../Engine/Content/Functions/Engine_MaterialFunctions03/Blends/Blend_Overlay.uexp" 967
"../../../Engine/Content/OpenWorldTemplate/LandscapeMaterial/T_GridChecker_A.ubulk" 968
"../../../Engine/Content/OpenWorldTemplate/LandscapeMaterial/T_GridChecker_A.uasset" 969
"../../../Engine/Content/OpenWorldTemplate/LandscapeMaterial/T_GridChecker_A.uexp" 970
"../../../Engine/Content/Functions/Engine_MaterialFunctions01/Gradient/LinearGradient.uasset" 971
"../../../Engine/Content/Functions/Engine_MaterialFunctions01/Gradient/LinearGradient.uexp" 972
"../../../Engine/Content/Functions/Engine_MaterialFunctions01/ImageAdjustment/CheapContrast.uasset" 973
"../../../Engine/Content/Functions/Engine_MaterialFunctions01/ImageAdjustment/CheapContrast.uexp" 974
"../../../Engine/Content/OpenWorldTemplate/LandscapeMaterial/MF_ProcGrid.uasset" 975
"../../../Engine/Content/OpenWorldTemplate/LandscapeMaterial/MF_ProcGrid.uexp" 976
"../../../Engine/Content/OpenWorldTemplate/LandscapeMaterial/M_ProcGrid.uasset" 977
"../../../Engine/Content/OpenWorldTemplate/LandscapeMaterial/M_ProcGrid.uexp" 978
"../../../Engine/Content/OpenWorldTemplate/LandscapeMaterial/MI_ProcGrid.uasset" 979
"../../../Engine/Content/OpenWorldTemplate/LandscapeMaterial/MI_ProcGrid.uexp" 980
"E:/Games/Test_1/Content/BP/BP_MyPlayerStart.uasset" 981
"E:/Games/Test_1/Content/BP/BP_MyPlayerStart.uexp" 982
"../../../Engine/Content/EngineSky/T_Sky_Stars.ubulk" 983
"../../../Engine/Content/EngineSky/T_Sky_Stars.uasset" 984
"../../../Engine/Content/EngineSky/T_Sky_Stars.uexp" 985
"../../../Engine/Content/EngineSky/T_Sky_Clouds_M.ubulk" 986
"../../../Engine/Content/EngineSky/T_Sky_Clouds_M.uasset" 987
"../../../Engine/Content/EngineSky/T_Sky_Clouds_M.uexp" 988
"../../../Engine/Content/EngineSky/T_Sky_Blue.ubulk" 989
"../../../Engine/Content/EngineSky/T_Sky_Blue.uasset" 990
"../../../Engine/Content/EngineSky/T_Sky_Blue.uexp" 991
"../../../Engine/Content/EngineSky/M_Sky_Panning_Clouds2.uasset" 992
"../../../Engine/Content/EngineSky/M_Sky_Panning_Clouds2.uexp" 993
"../../../Engine/Content/EngineSky/SM_SkySphere.ubulk" 994
"../../../Engine/Content/EngineSky/SM_SkySphere.uasset" 995
"../../../Engine/Content/EngineSky/SM_SkySphere.uexp" 996
"../../../Engine/Content/MapTemplates/SM_Template_Map_Floor.ubulk" 997
"../../../Engine/Content/MapTemplates/SM_Template_Map_Floor.uasset" 998
"../../../Engine/Content/MapTemplates/SM_Template_Map_Floor.uexp" 999
"E:/Games/Test_1/Content/LevelPrototyping/Textures/T_GridChecker_A.ubulk" 1000
"E:/Games/Test_1/Content/LevelPrototyping/Textures/T_GridChecker_A.uasset" 1001
"E:/Games/Test_1/Content/LevelPrototyping/Textures/T_GridChecker_A.uexp" 1002
"E:/Games/Test_1/Content/LevelPrototyping/Materials/MF_ProcGrid.uasset" 1003
"E:/Games/Test_1/Content/LevelPrototyping/Materials/MF_ProcGrid.uexp" 1004
"E:/Games/Test_1/Content/LevelPrototyping/Materials/M_PrototypeGrid.uasset" 1005
"E:/Games/Test_1/Content/LevelPrototyping/Materials/M_PrototypeGrid.uexp" 1006
"E:/Games/Test_1/Content/LevelPrototyping/Materials/MI_PrototypeGrid_Gray.uasset" 1007
"E:/Games/Test_1/Content/LevelPrototyping/Materials/MI_PrototypeGrid_Gray.uexp" 1008
"E:/Games/Test_1/Content/LevelPrototyping/Meshes/SM_Cube.ubulk" 1009
"E:/Games/Test_1/Content/LevelPrototyping/Meshes/SM_Cube.uasset" 1010
"E:/Games/Test_1/Content/LevelPrototyping/Meshes/SM_Cube.uexp" 1011
"E:/Games/Test_1/Content/BP/Strategy/Debug/EQSPawm_Debug.uasset" 1012
"E:/Games/Test_1/Content/BP/Strategy/Debug/EQSPawm_Debug.uexp" 1013
"../../../Engine/Content/EngineSky/M_SimpleSkyDome.uasset" 1014
"../../../Engine/Content/EngineSky/M_SimpleSkyDome.uexp" 1015
"E:/Games/Test_1/Content/ThirdPerson/Maps/Block_1.uexp" 1016
"E:/Games/Test_1/Content/ThirdPerson/Maps/Block_1.umap" 1017
"../../../Engine/Content/Maps/Entry_BuiltData.uasset" 1018
"../../../Engine/Content/Maps/Entry_BuiltData.uexp" 1019
"../../../Engine/Content/Maps/Entry.uexp" 1020
"../../../Engine/Content/Maps/Entry.umap" 1021
